2025/04/26 19:42:30 Application starts
2025/04/26 19:42:30 ASCII Conversion starts with  0   0
2025/04/26 19:42:30 -2   -2
2025/04/26 19:43:12 Application starts
2025/04/26 19:43:12 dimensions: 0 0
2025/04/26 19:43:12 ASCII Conversion starts with  0   0
2025/04/26 19:43:12 -2   -2
2025/04/26 19:50:05 Application starts
2025/04/26 19:50:05 dimensions: 0 0
2025/04/26 19:50:05 ASCII Conversion starts with  0   0
2025/04/26 19:50:05 -2   -2
2025/04/26 19:54:01 Application starts
2025/04/26 19:54:01 dimensions: 0 0
2025/04/26 19:54:01 ASCII Conversion starts with  0   0
2025/04/26 19:54:01 -2   -2
2025/04/26 19:54:28 Application starts
2025/04/26 19:54:28 dimensions: 20 20
2025/04/26 19:54:28 ASCII Conversion starts with  20   20
2025/04/26 19:54:28 3   3
2025/04/26 19:54:28 dimensions: 213 53
2025/04/26 19:54:28 ASCII Conversion starts with  53   213
2025/04/26 19:54:28 51   51
2025/04/26 19:54:28 dimensions: 213 53
2025/04/26 19:54:28 ASCII Conversion starts with  53   213
2025/04/26 19:54:28 51   51
2025/04/26 19:54:33 dimensions: 213 53
2025/04/26 19:54:33 ASCII Conversion starts with  53   213
2025/04/26 19:54:33 51   51
2025/04/26 19:54:33 dimensions: 213 53
2025/04/26 19:54:33 ASCII Conversion starts with  53   213
2025/04/26 19:54:33 51   51
2025/04/26 19:54:37 dimensions: 213 53
2025/04/26 19:54:37 ASCII Conversion starts with  53   213
2025/04/26 19:54:37 51   51
2025/04/26 19:54:38 dimensions: 213 53
2025/04/26 19:54:38 ASCII Conversion starts with  53   213
2025/04/26 19:54:38 51   51
2025/04/26 19:55:00 dimensions: 213 53
2025/04/26 19:55:00 ASCII Conversion starts with  53   213
2025/04/26 19:55:00 51   51
2025/04/26 19:55:00 dimensions: 213 53
2025/04/26 19:55:00 ASCII Conversion starts with  53   213
2025/04/26 19:55:00 51   51
2025/04/26 19:55:03 Application starts
2025/04/26 19:55:03 dimensions: 20 20
2025/04/26 19:55:03 ASCII Conversion starts with  20   20
2025/04/26 19:55:03 1   1
2025/04/26 19:55:03 dimensions: 213 53
2025/04/26 19:55:03 ASCII Conversion starts with  53   213
2025/04/26 19:55:03 49   49
2025/04/26 19:55:03 dimensions: 213 53
2025/04/26 19:55:03 ASCII Conversion starts with  53   213
2025/04/26 19:55:03 49   49
2025/04/26 19:55:04 dimensions: 213 53
2025/04/26 19:55:04 ASCII Conversion starts with  53   213
2025/04/26 19:55:04 49   49
2025/04/26 19:55:04 dimensions: 213 53
2025/04/26 19:55:04 ASCII Conversion starts with  53   213
2025/04/26 19:55:04 49   49
2025/04/26 19:55:15 Application starts
2025/04/26 19:55:15 dimensions: 20 20
2025/04/26 19:55:15 ASCII Conversion starts with  20   20
2025/04/26 19:55:15 -3   -3
2025/04/26 19:55:29 Application starts
2025/04/26 19:55:29 dimensions: 20 20
2025/04/26 19:55:29 ASCII Conversion starts with  20   20
2025/04/26 19:55:29 1   1
2025/04/26 19:55:29 dimensions: 213 53
2025/04/26 19:55:29 ASCII Conversion starts with  53   213
2025/04/26 19:55:29 49   49
2025/04/26 19:55:29 dimensions: 213 53
2025/04/26 19:55:29 ASCII Conversion starts with  53   213
2025/04/26 19:55:29 49   49
2025/04/26 19:55:33 dimensions: 213 53
2025/04/26 19:55:33 ASCII Conversion starts with  53   213
2025/04/26 19:55:33 49   49
2025/04/26 19:55:33 dimensions: 213 53
2025/04/26 19:55:33 ASCII Conversion starts with  53   213
2025/04/26 19:55:33 49   49
2025/04/26 19:55:49 dimensions: 213 53
2025/04/26 19:55:49 ASCII Conversion starts with  53   213
2025/04/26 19:55:49 49   49
2025/04/26 19:55:50 dimensions: 213 53
2025/04/26 19:55:50 ASCII Conversion starts with  53   213
2025/04/26 19:55:50 49   49
2025/04/26 19:55:50 dimensions: 213 53
2025/04/26 19:55:50 ASCII Conversion starts with  53   213
2025/04/26 19:55:50 49   49
2025/04/26 19:55:53 Application starts
2025/04/26 19:55:53 dimensions: 20 20
2025/04/26 19:55:53 ASCII Conversion starts with  20   20
2025/04/26 19:55:53 1   1
2025/04/26 19:55:53 dimensions: 213 53
2025/04/26 19:55:53 ASCII Conversion starts with  53   213
2025/04/26 19:55:53 49   49
2025/04/26 19:55:53 dimensions: 213 53
2025/04/26 19:55:53 ASCII Conversion starts with  53   213
2025/04/26 19:55:53 49   49
2025/04/26 19:55:55 dimensions: 213 53
2025/04/26 19:55:55 ASCII Conversion starts with  53   213
2025/04/26 19:55:55 49   49
2025/04/26 19:55:55 dimensions: 213 53
2025/04/26 19:55:55 ASCII Conversion starts with  53   213
2025/04/26 19:55:55 49   49
2025/04/26 19:56:08 dimensions: 213 53
2025/04/26 19:56:08 ASCII Conversion starts with  53   213
2025/04/26 19:56:08 49   49
2025/04/26 19:56:08 dimensions: 213 53
2025/04/26 19:56:08 ASCII Conversion starts with  53   213
2025/04/26 19:56:08 49   49
2025/04/26 19:56:10 Application starts
2025/04/26 19:56:10 dimensions: 20 20
2025/04/26 19:56:10 ASCII Conversion starts with  20   20
2025/04/26 19:56:10 -1   -1
2025/04/26 20:00:03 Application starts
2025/04/26 20:00:03 dimensions: 40 40
2025/04/26 20:00:03 ASCII Conversion starts with  40   40
2025/04/26 20:00:03 4   4
2025/04/26 20:00:03 dimensions: 213 53
2025/04/26 20:00:03 ASCII Conversion starts with  53   213
2025/04/26 20:00:03 47   47
2025/04/26 20:00:03 dimensions: 213 53
2025/04/26 20:00:03 ASCII Conversion starts with  53   213
2025/04/26 20:00:03 47   47
2025/04/26 20:00:14 dimensions: 213 53
2025/04/26 20:00:14 ASCII Conversion starts with  53   213
2025/04/26 20:00:14 47   47
2025/04/26 20:00:14 dimensions: 213 53
2025/04/26 20:00:14 ASCII Conversion starts with  53   213
2025/04/26 20:00:14 47   47
2025/04/26 20:00:40 Application starts
2025/04/26 20:00:40 dimensions: 40 40
2025/04/26 20:00:40 ASCII Conversion starts with  40   40
2025/04/26 20:00:40 4   20
2025/04/26 20:00:40 dimensions: 213 53
2025/04/26 20:00:40 ASCII Conversion starts with  53   213
2025/04/26 20:00:40 47   26
2025/04/26 20:00:40 dimensions: 213 53
2025/04/26 20:00:40 ASCII Conversion starts with  53   213
2025/04/26 20:00:40 47   26
2025/04/26 20:00:43 dimensions: 213 53
2025/04/26 20:00:43 ASCII Conversion starts with  53   213
2025/04/26 20:00:43 47   26
2025/04/26 20:00:44 dimensions: 213 53
2025/04/26 20:00:44 ASCII Conversion starts with  53   213
2025/04/26 20:00:44 47   26
2025/04/26 20:01:06 dimensions: 213 53
2025/04/26 20:01:06 ASCII Conversion starts with  53   213
2025/04/26 20:01:06 47   26
2025/04/26 20:01:06 dimensions: 213 53
2025/04/26 20:01:06 ASCII Conversion starts with  53   213
2025/04/26 20:01:06 47   26
2025/04/26 20:01:06 dimensions: 213 53
2025/04/26 20:01:06 ASCII Conversion starts with  53   213
2025/04/26 20:01:06 47   26
2025/04/26 20:01:52 Application starts
2025/04/26 20:01:52 dimensions: 40 40
2025/04/26 20:01:52 ASCII Conversion starts with  40   40
2025/04/26 20:01:52 4   20
2025/04/26 20:01:52 dimensions: 213 53
2025/04/26 20:01:52 ASCII Conversion starts with  53   213
2025/04/26 20:01:52 47   26
2025/04/26 20:01:52 dimensions: 213 53
2025/04/26 20:01:52 ASCII Conversion starts with  53   213
2025/04/26 20:01:52 47   26
2025/04/26 20:01:58 dimensions: 213 53
2025/04/26 20:01:58 ASCII Conversion starts with  53   213
2025/04/26 20:01:58 47   26
2025/04/26 20:01:58 dimensions: 213 53
2025/04/26 20:01:58 ASCII Conversion starts with  53   213
2025/04/26 20:01:58 47   26
2025/04/26 20:02:02 dimensions: 213 53
2025/04/26 20:02:02 ASCII Conversion starts with  53   213
2025/04/26 20:02:02 47   26
2025/04/26 20:02:02 dimensions: 213 53
2025/04/26 20:02:02 ASCII Conversion starts with  53   213
2025/04/26 20:02:02 47   26
2025/04/26 20:02:11 dimensions: 213 53
2025/04/26 20:02:11 ASCII Conversion starts with  53   213
2025/04/26 20:02:11 47   26
2025/04/26 20:02:13 dimensions: 213 53
2025/04/26 20:02:13 ASCII Conversion starts with  53   213
2025/04/26 20:02:13 47   26
2025/04/26 20:02:13 dimensions: 213 53
2025/04/26 20:02:13 ASCII Conversion starts with  53   213
2025/04/26 20:02:13 47   26
2025/04/26 20:04:23 dimensions: 213 53
2025/04/26 20:04:23 ASCII Conversion starts with  53   213
2025/04/26 20:04:23 47   26
2025/04/26 20:04:23 dimensions: 213 53
2025/04/26 20:04:23 ASCII Conversion starts with  53   213
2025/04/26 20:04:23 47   26
2025/04/26 20:06:14 Application starts
2025/04/26 20:06:14 dimensions: 40 40
2025/04/26 20:06:14 ASCII Conversion starts with  40   40
2025/04/26 20:06:14 4   20
2025/04/26 20:06:14 dimensions: 213 53
2025/04/26 20:06:14 ASCII Conversion starts with  53   213
2025/04/26 20:06:14 47   26
2025/04/26 20:06:14 dimensions: 213 53
2025/04/26 20:06:14 ASCII Conversion starts with  53   213
2025/04/26 20:06:14 47   26
2025/04/26 20:06:17 dimensions: 213 53
2025/04/26 20:06:17 ASCII Conversion starts with  53   213
2025/04/26 20:06:17 47   26
2025/04/26 20:06:17 dimensions: 213 53
2025/04/26 20:06:17 ASCII Conversion starts with  53   213
2025/04/26 20:06:17 47   26
2025/04/26 20:06:40 dimensions: 213 53
2025/04/26 20:06:40 ASCII Conversion starts with  53   213
2025/04/26 20:06:40 47   26
2025/04/26 20:06:40 dimensions: 213 53
2025/04/26 20:06:40 ASCII Conversion starts with  53   213
2025/04/26 20:06:40 47   26
2025/04/26 20:07:02 dimensions: 213 53
2025/04/26 20:07:02 ASCII Conversion starts with  53   213
2025/04/26 20:07:02 47   26
2025/04/26 20:07:02 dimensions: 213 53
2025/04/26 20:07:02 ASCII Conversion starts with  53   213
2025/04/26 20:07:02 47   26
2025/04/26 20:07:05 Application starts
2025/04/26 20:07:05 dimensions: 40 40
2025/04/26 20:07:05 ASCII Conversion starts with  40   40
2025/04/26 20:07:05 4   20
2025/04/26 20:07:05 dimensions: 213 53
2025/04/26 20:07:05 ASCII Conversion starts with  53   213
2025/04/26 20:07:05 47   26
2025/04/26 20:07:05 dimensions: 213 53
2025/04/26 20:07:05 ASCII Conversion starts with  53   213
2025/04/26 20:07:05 47   26
2025/04/26 20:07:06 dimensions: 213 53
2025/04/26 20:07:06 ASCII Conversion starts with  53   213
2025/04/26 20:07:06 47   26
2025/04/26 20:07:06 dimensions: 213 53
2025/04/26 20:07:06 ASCII Conversion starts with  53   213
2025/04/26 20:07:06 47   26
2025/04/26 20:07:41 Application starts
2025/04/26 20:07:41 dimensions: 40 40
2025/04/26 20:07:41 dimensions: 213 53
2025/04/26 20:07:41 dimensions: 213 53
2025/04/26 20:07:41 dimensions: 213 53
2025/04/26 20:07:41 dimensions: 213 53
2025/04/26 20:07:45 dimensions: 213 53
2025/04/26 20:07:45 dimensions: 213 53
2025/04/26 20:08:16 Application starts
2025/04/26 20:08:16 dimensions: 40 40
2025/04/26 20:08:16 ASCII Conversion starts with  40   40
2025/04/26 20:08:16 4   20
2025/04/26 20:08:16 dimensions: 213 53
2025/04/26 20:08:16 ASCII Conversion starts with  53   213
2025/04/26 20:08:16 47   26
2025/04/26 20:08:16 dimensions: 213 53
2025/04/26 20:08:16 ASCII Conversion starts with  53   213
2025/04/26 20:08:16 47   26
2025/04/26 20:08:17 dimensions: 213 53
2025/04/26 20:08:17 ASCII Conversion starts with  53   213
2025/04/26 20:08:17 47   26
2025/04/26 20:08:17 dimensions: 213 53
2025/04/26 20:08:17 ASCII Conversion starts with  53   213
2025/04/26 20:08:17 47   26
2025/04/26 20:08:46 dimensions: 213 53
2025/04/26 20:08:46 ASCII Conversion starts with  53   213
2025/04/26 20:08:46 47   26
2025/04/26 20:08:46 dimensions: 213 53
2025/04/26 20:08:46 ASCII Conversion starts with  53   213
2025/04/26 20:08:46 47   26
2025/04/26 20:08:49 Application starts
2025/04/26 20:08:49 dimensions: 40 40
2025/04/26 20:08:49 ASCII Conversion starts with  40   40
2025/04/26 20:08:49 4   20
2025/04/26 20:08:49 dimensions: 213 53
2025/04/26 20:08:49 ASCII Conversion starts with  53   213
2025/04/26 20:08:49 47   26
2025/04/26 20:08:49 dimensions: 213 53
2025/04/26 20:08:49 ASCII Conversion starts with  53   213
2025/04/26 20:08:49 47   26
2025/04/26 20:08:51 dimensions: 213 53
2025/04/26 20:08:51 ASCII Conversion starts with  53   213
2025/04/26 20:08:51 47   26
2025/04/26 20:08:51 dimensions: 213 53
2025/04/26 20:08:51 ASCII Conversion starts with  53   213
2025/04/26 20:08:51 47   26
2025/04/26 20:09:03 Application starts
2025/04/26 20:09:03 dimensions: 40 40
2025/04/26 20:09:03 ASCII Conversion starts with  40   40
2025/04/26 20:09:03 4   20
2025/04/26 20:09:03 dimensions: 213 53
2025/04/26 20:09:03 ASCII Conversion starts with  53   213
2025/04/26 20:09:03 47   26
2025/04/26 20:09:03 dimensions: 213 53
2025/04/26 20:09:03 ASCII Conversion starts with  53   213
2025/04/26 20:09:03 47   26
2025/04/26 20:09:09 dimensions: 213 53
2025/04/26 20:09:09 ASCII Conversion starts with  53   213
2025/04/26 20:09:09 47   26
2025/04/26 20:09:10 dimensions: 213 53
2025/04/26 20:09:10 ASCII Conversion starts with  53   213
2025/04/26 20:09:10 47   26
2025/04/26 20:09:10 dimensions: 213 53
2025/04/26 20:09:10 ASCII Conversion starts with  53   213
2025/04/26 20:09:10 47   26
2025/04/26 20:09:36 dimensions: 213 53
2025/04/26 20:09:36 ASCII Conversion starts with  53   213
2025/04/26 20:09:36 47   26
2025/04/26 20:09:36 dimensions: 213 53
2025/04/26 20:09:36 ASCII Conversion starts with  53   213
2025/04/26 20:09:36 47   26
2025/04/26 20:09:39 Application starts
2025/04/26 20:09:39 dimensions: 40 40
2025/04/26 20:09:39 ASCII Conversion starts with  40   40
2025/04/26 20:09:39 4   20
2025/04/26 20:09:39 dimensions: 213 53
2025/04/26 20:09:39 ASCII Conversion starts with  53   213
2025/04/26 20:09:39 47   26
2025/04/26 20:09:39 dimensions: 213 53
2025/04/26 20:09:39 ASCII Conversion starts with  53   213
2025/04/26 20:09:39 47   26
2025/04/26 20:09:42 dimensions: 213 53
2025/04/26 20:09:42 ASCII Conversion starts with  53   213
2025/04/26 20:09:42 47   26
2025/04/26 20:09:42 dimensions: 213 53
2025/04/26 20:09:42 ASCII Conversion starts with  53   213
2025/04/26 20:09:42 47   26
2025/04/26 20:09:48 dimensions: 125 53
2025/04/26 20:09:48 ASCII Conversion starts with  53   125
2025/04/26 20:09:48 25   26
2025/04/26 20:09:48 dimensions: 125 33
2025/04/26 20:09:48 ASCII Conversion starts with  33   125
2025/04/26 20:09:48 25   16
2025/04/26 20:09:52 dimensions: 126 33
2025/04/26 20:09:52 ASCII Conversion starts with  33   126
2025/04/26 20:09:52 25   16
2025/04/26 20:09:52 dimensions: 127 33
2025/04/26 20:09:52 ASCII Conversion starts with  33   127
2025/04/26 20:09:52 25   16
2025/04/26 20:09:52 dimensions: 128 33
2025/04/26 20:09:52 ASCII Conversion starts with  33   128
2025/04/26 20:09:52 26   16
2025/04/26 20:09:52 dimensions: 129 33
2025/04/26 20:09:52 ASCII Conversion starts with  33   129
2025/04/26 20:09:52 26   16
2025/04/26 20:09:52 dimensions: 130 33
2025/04/26 20:09:52 ASCII Conversion starts with  33   130
2025/04/26 20:09:52 26   16
2025/04/26 20:09:52 dimensions: 131 33
2025/04/26 20:09:52 ASCII Conversion starts with  33   131
2025/04/26 20:09:52 26   16
2025/04/26 20:09:52 dimensions: 132 33
2025/04/26 20:09:52 ASCII Conversion starts with  33   132
2025/04/26 20:09:52 27   16
2025/04/26 20:09:52 dimensions: 133 33
2025/04/26 20:09:52 ASCII Conversion starts with  33   133
2025/04/26 20:09:52 27   16
2025/04/26 20:09:52 dimensions: 134 33
2025/04/26 20:09:52 ASCII Conversion starts with  33   134
2025/04/26 20:09:52 27   16
2025/04/26 20:09:52 dimensions: 135 33
2025/04/26 20:09:52 ASCII Conversion starts with  33   135
2025/04/26 20:09:52 27   16
2025/04/26 20:09:52 dimensions: 136 33
2025/04/26 20:09:52 ASCII Conversion starts with  33   136
2025/04/26 20:09:52 28   16
2025/04/26 20:09:52 dimensions: 137 33
2025/04/26 20:09:52 ASCII Conversion starts with  33   137
2025/04/26 20:09:52 28   16
2025/04/26 20:09:52 dimensions: 138 33
2025/04/26 20:09:52 ASCII Conversion starts with  33   138
2025/04/26 20:09:52 28   16
2025/04/26 20:09:52 dimensions: 139 33
2025/04/26 20:09:52 ASCII Conversion starts with  33   139
2025/04/26 20:09:52 28   16
2025/04/26 20:09:52 dimensions: 140 33
2025/04/26 20:09:52 ASCII Conversion starts with  33   140
2025/04/26 20:09:52 29   16
2025/04/26 20:09:52 dimensions: 141 33
2025/04/26 20:09:52 ASCII Conversion starts with  33   141
2025/04/26 20:09:52 29   16
2025/04/26 20:09:52 dimensions: 142 33
2025/04/26 20:09:52 ASCII Conversion starts with  33   142
2025/04/26 20:09:52 29   16
2025/04/26 20:09:52 dimensions: 143 33
2025/04/26 20:09:52 ASCII Conversion starts with  33   143
2025/04/26 20:09:52 29   16
2025/04/26 20:09:53 dimensions: 144 33
2025/04/26 20:09:53 ASCII Conversion starts with  33   144
2025/04/26 20:09:53 30   16
2025/04/26 20:09:53 dimensions: 145 33
2025/04/26 20:09:53 ASCII Conversion starts with  33   145
2025/04/26 20:09:53 30   16
2025/04/26 20:09:53 dimensions: 146 33
2025/04/26 20:09:53 ASCII Conversion starts with  33   146
2025/04/26 20:09:53 30   16
2025/04/26 20:09:53 dimensions: 147 33
2025/04/26 20:09:53 ASCII Conversion starts with  33   147
2025/04/26 20:09:53 30   16
2025/04/26 20:09:53 dimensions: 148 33
2025/04/26 20:09:53 ASCII Conversion starts with  33   148
2025/04/26 20:09:53 31   16
2025/04/26 20:09:53 dimensions: 149 33
2025/04/26 20:09:53 ASCII Conversion starts with  33   149
2025/04/26 20:09:53 31   16
2025/04/26 20:09:53 dimensions: 150 33
2025/04/26 20:09:53 ASCII Conversion starts with  33   150
2025/04/26 20:09:53 31   16
2025/04/26 20:09:53 dimensions: 151 33
2025/04/26 20:09:53 ASCII Conversion starts with  33   151
2025/04/26 20:09:53 31   16
2025/04/26 20:09:53 dimensions: 152 33
2025/04/26 20:09:53 ASCII Conversion starts with  33   152
2025/04/26 20:09:53 32   16
2025/04/26 20:09:53 dimensions: 153 33
2025/04/26 20:09:53 ASCII Conversion starts with  33   153
2025/04/26 20:09:53 32   16
2025/04/26 20:09:53 dimensions: 154 33
2025/04/26 20:09:53 ASCII Conversion starts with  33   154
2025/04/26 20:09:53 32   16
2025/04/26 20:09:53 dimensions: 155 33
2025/04/26 20:09:53 ASCII Conversion starts with  33   155
2025/04/26 20:09:53 32   16
2025/04/26 20:09:53 dimensions: 156 33
2025/04/26 20:09:53 ASCII Conversion starts with  33   156
2025/04/26 20:09:53 33   16
2025/04/26 20:09:53 dimensions: 157 33
2025/04/26 20:09:53 ASCII Conversion starts with  33   157
2025/04/26 20:09:53 33   16
2025/04/26 20:09:53 dimensions: 158 33
2025/04/26 20:09:53 ASCII Conversion starts with  33   158
2025/04/26 20:09:53 33   16
2025/04/26 20:09:53 dimensions: 159 33
2025/04/26 20:09:53 ASCII Conversion starts with  33   159
2025/04/26 20:09:53 33   16
2025/04/26 20:09:53 dimensions: 160 33
2025/04/26 20:09:53 ASCII Conversion starts with  33   160
2025/04/26 20:09:53 34   16
2025/04/26 20:09:53 dimensions: 161 33
2025/04/26 20:09:53 ASCII Conversion starts with  33   161
2025/04/26 20:09:53 34   16
2025/04/26 20:09:53 dimensions: 162 33
2025/04/26 20:09:53 ASCII Conversion starts with  33   162
2025/04/26 20:09:53 34   16
2025/04/26 20:09:53 dimensions: 163 33
2025/04/26 20:09:53 ASCII Conversion starts with  33   163
2025/04/26 20:09:53 34   16
2025/04/26 20:09:53 dimensions: 164 33
2025/04/26 20:09:53 ASCII Conversion starts with  33   164
2025/04/26 20:09:53 35   16
2025/04/26 20:09:53 dimensions: 165 33
2025/04/26 20:09:53 ASCII Conversion starts with  33   165
2025/04/26 20:09:53 35   16
2025/04/26 20:09:53 dimensions: 166 33
2025/04/26 20:09:53 ASCII Conversion starts with  33   166
2025/04/26 20:09:53 35   16
2025/04/26 20:09:53 dimensions: 167 33
2025/04/26 20:09:53 ASCII Conversion starts with  33   167
2025/04/26 20:09:53 35   16
2025/04/26 20:09:53 dimensions: 168 33
2025/04/26 20:09:53 ASCII Conversion starts with  33   168
2025/04/26 20:09:53 36   16
2025/04/26 20:09:53 dimensions: 169 33
2025/04/26 20:09:53 ASCII Conversion starts with  33   169
2025/04/26 20:09:53 36   16
2025/04/26 20:09:54 dimensions: 170 33
2025/04/26 20:09:54 ASCII Conversion starts with  33   170
2025/04/26 20:09:54 36   16
2025/04/26 20:09:54 dimensions: 171 33
2025/04/26 20:09:54 ASCII Conversion starts with  33   171
2025/04/26 20:09:54 36   16
2025/04/26 20:09:54 dimensions: 172 33
2025/04/26 20:09:54 ASCII Conversion starts with  33   172
2025/04/26 20:09:54 37   16
2025/04/26 20:09:54 dimensions: 173 33
2025/04/26 20:09:54 ASCII Conversion starts with  33   173
2025/04/26 20:09:54 37   16
2025/04/26 20:09:54 dimensions: 174 33
2025/04/26 20:09:54 ASCII Conversion starts with  33   174
2025/04/26 20:09:54 37   16
2025/04/26 20:09:54 dimensions: 175 33
2025/04/26 20:09:54 ASCII Conversion starts with  33   175
2025/04/26 20:09:54 37   16
2025/04/26 20:09:54 dimensions: 176 33
2025/04/26 20:09:54 ASCII Conversion starts with  33   176
2025/04/26 20:09:54 38   16
2025/04/26 20:09:54 dimensions: 177 33
2025/04/26 20:09:54 ASCII Conversion starts with  33   177
2025/04/26 20:09:54 38   16
2025/04/26 20:09:54 dimensions: 178 33
2025/04/26 20:09:54 ASCII Conversion starts with  33   178
2025/04/26 20:09:54 38   16
2025/04/26 20:09:54 dimensions: 179 33
2025/04/26 20:09:54 ASCII Conversion starts with  33   179
2025/04/26 20:09:54 38   16
2025/04/26 20:09:54 dimensions: 178 33
2025/04/26 20:09:54 ASCII Conversion starts with  33   178
2025/04/26 20:09:54 38   16
2025/04/26 20:09:54 dimensions: 177 33
2025/04/26 20:09:54 ASCII Conversion starts with  33   177
2025/04/26 20:09:54 38   16
2025/04/26 20:09:54 dimensions: 176 33
2025/04/26 20:09:54 ASCII Conversion starts with  33   176
2025/04/26 20:09:54 38   16
2025/04/26 20:09:54 dimensions: 175 33
2025/04/26 20:09:54 ASCII Conversion starts with  33   175
2025/04/26 20:09:54 37   16
2025/04/26 20:09:54 dimensions: 174 33
2025/04/26 20:09:54 ASCII Conversion starts with  33   174
2025/04/26 20:09:54 37   16
2025/04/26 20:09:54 dimensions: 173 33
2025/04/26 20:09:54 ASCII Conversion starts with  33   173
2025/04/26 20:09:54 37   16
2025/04/26 20:09:54 dimensions: 172 33
2025/04/26 20:09:54 ASCII Conversion starts with  33   172
2025/04/26 20:09:54 37   16
2025/04/26 20:09:54 dimensions: 171 33
2025/04/26 20:09:54 ASCII Conversion starts with  33   171
2025/04/26 20:09:54 36   16
2025/04/26 20:09:54 dimensions: 170 33
2025/04/26 20:09:54 ASCII Conversion starts with  33   170
2025/04/26 20:09:54 36   16
2025/04/26 20:09:54 dimensions: 169 33
2025/04/26 20:09:54 ASCII Conversion starts with  33   169
2025/04/26 20:09:54 36   16
2025/04/26 20:09:54 dimensions: 168 33
2025/04/26 20:09:54 ASCII Conversion starts with  33   168
2025/04/26 20:09:54 36   16
2025/04/26 20:09:54 dimensions: 167 33
2025/04/26 20:09:54 ASCII Conversion starts with  33   167
2025/04/26 20:09:54 35   16
2025/04/26 20:09:54 dimensions: 166 33
2025/04/26 20:09:54 ASCII Conversion starts with  33   166
2025/04/26 20:09:54 35   16
2025/04/26 20:09:54 dimensions: 165 33
2025/04/26 20:09:54 ASCII Conversion starts with  33   165
2025/04/26 20:09:54 35   16
2025/04/26 20:09:54 dimensions: 164 33
2025/04/26 20:09:54 ASCII Conversion starts with  33   164
2025/04/26 20:09:54 35   16
2025/04/26 20:09:54 dimensions: 163 33
2025/04/26 20:09:54 ASCII Conversion starts with  33   163
2025/04/26 20:09:54 34   16
2025/04/26 20:09:55 dimensions: 162 33
2025/04/26 20:09:55 ASCII Conversion starts with  33   162
2025/04/26 20:09:55 34   16
2025/04/26 20:09:55 dimensions: 161 33
2025/04/26 20:09:55 ASCII Conversion starts with  33   161
2025/04/26 20:09:55 34   16
2025/04/26 20:09:55 dimensions: 160 33
2025/04/26 20:09:55 ASCII Conversion starts with  33   160
2025/04/26 20:09:55 34   16
2025/04/26 20:09:59 dimensions: 160 33
2025/04/26 20:09:59 ASCII Conversion starts with  33   160
2025/04/26 20:09:59 34   16
2025/04/26 20:10:58 dimensions: 213 53
2025/04/26 20:10:58 ASCII Conversion starts with  53   213
2025/04/26 20:10:58 47   26
2025/04/26 20:11:00 dimensions: 213 53
2025/04/26 20:11:00 ASCII Conversion starts with  53   213
2025/04/26 20:11:00 47   26
2025/04/26 20:11:00 dimensions: 213 53
2025/04/26 20:11:00 ASCII Conversion starts with  53   213
2025/04/26 20:11:00 47   26
2025/04/26 20:14:49 Application starts
2025/04/26 20:14:49 dimensions: 40 40
2025/04/26 20:14:49 ASCII Conversion starts with  40   40
2025/04/26 20:14:49 Requested dimensions: 4 x 20
2025/04/26 20:14:49 dimensions: 213 53
2025/04/26 20:14:49 ASCII Conversion starts with  53   213
2025/04/26 20:14:49 Requested dimensions: 47 x 26
2025/04/26 20:14:49 dimensions: 213 53
2025/04/26 20:14:49 ASCII Conversion starts with  53   213
2025/04/26 20:14:49 Requested dimensions: 47 x 26
2025/04/26 20:15:04 dimensions: 213 53
2025/04/26 20:15:04 ASCII Conversion starts with  53   213
2025/04/26 20:15:04 Requested dimensions: 47 x 26
2025/04/26 20:15:04 dimensions: 213 53
2025/04/26 20:15:04 ASCII Conversion starts with  53   213
2025/04/26 20:15:04 Requested dimensions: 47 x 26
2025/04/26 20:15:04 dimensions: 213 53
2025/04/26 20:15:04 ASCII Conversion starts with  53   213
2025/04/26 20:15:04 Requested dimensions: 47 x 26
2025/04/26 20:16:35 Application starts
2025/04/26 20:16:35 dimensions: 40 40
2025/04/26 20:16:35 ASCII Conversion starts with  40   40
2025/04/26 20:16:35 Requested dimensions: 4 x 20
2025/04/26 20:16:35 dimensions: 213 53
2025/04/26 20:16:35 ASCII Conversion starts with  53   213
2025/04/26 20:16:35 Requested dimensions: 47 x 26
2025/04/26 20:16:35 dimensions: 213 53
2025/04/26 20:16:35 ASCII Conversion starts with  53   213
2025/04/26 20:16:35 Requested dimensions: 47 x 26
2025/04/26 20:16:37 dimensions: 213 53
2025/04/26 20:16:37 ASCII Conversion starts with  53   213
2025/04/26 20:16:37 Requested dimensions: 47 x 26
2025/04/26 20:16:37 dimensions: 213 53
2025/04/26 20:16:37 ASCII Conversion starts with  53   213
2025/04/26 20:16:37 Requested dimensions: 47 x 26
2025/04/26 20:16:51 Application starts
2025/04/26 20:16:51 dimensions: 40 40
2025/04/26 20:16:51 ASCII Conversion starts with  40   40
2025/04/26 20:16:51 Requested dimensions: 4 x 20
2025/04/26 20:16:51 dimensions: 213 53
2025/04/26 20:16:51 ASCII Conversion starts with  53   213
2025/04/26 20:16:51 Requested dimensions: 47 x 26
2025/04/26 20:16:51 dimensions: 213 53
2025/04/26 20:16:51 ASCII Conversion starts with  53   213
2025/04/26 20:16:51 Requested dimensions: 47 x 26
2025/04/26 20:17:04 dimensions: 160 53
2025/04/26 20:17:04 ASCII Conversion starts with  53   160
2025/04/26 20:17:04 Requested dimensions: 34 x 26
2025/04/26 20:17:04 dimensions: 160 33
2025/04/26 20:17:04 ASCII Conversion starts with  33   160
2025/04/26 20:17:04 Requested dimensions: 34 x 16
2025/04/26 20:17:07 dimensions: 213 53
2025/04/26 20:17:07 ASCII Conversion starts with  53   213
2025/04/26 20:17:07 Requested dimensions: 47 x 26
2025/04/26 20:17:17 dimensions: 213 53
2025/04/26 20:17:17 ASCII Conversion starts with  53   213
2025/04/26 20:17:17 Requested dimensions: 47 x 26
2025/04/26 20:17:17 dimensions: 213 53
2025/04/26 20:17:17 ASCII Conversion starts with  53   213
2025/04/26 20:17:17 Requested dimensions: 47 x 26
2025/04/26 20:17:27 dimensions: 213 53
2025/04/26 20:17:27 ASCII Conversion starts with  53   213
2025/04/26 20:17:27 Requested dimensions: 47 x 26
2025/04/26 20:17:27 dimensions: 213 53
2025/04/26 20:17:27 ASCII Conversion starts with  53   213
2025/04/26 20:17:27 Requested dimensions: 47 x 26
2025/04/26 20:18:06 dimensions: 213 53
2025/04/26 20:18:06 ASCII Conversion starts with  53   213
2025/04/26 20:18:06 Requested dimensions: 47 x 26
2025/04/26 20:18:06 dimensions: 213 53
2025/04/26 20:18:06 ASCII Conversion starts with  53   213
2025/04/26 20:18:06 Requested dimensions: 47 x 26
2025/04/26 20:19:13 Application starts
2025/04/26 20:19:13 dimensions: 40 40
2025/04/26 20:19:13 Requested dimensions: 4 x 20
2025/04/26 20:19:13 dimensions: 40 40
2025/04/26 20:19:13 Requested dimensions: 4 x 20
2025/04/26 20:19:13 dimensions: 213 53
2025/04/26 20:19:13 Requested dimensions: 47 x 26
2025/04/26 20:19:13 dimensions: 213 53
2025/04/26 20:19:13 Requested dimensions: 47 x 26
2025/04/26 20:19:16 dimensions: 213 53
2025/04/26 20:19:16 Requested dimensions: 47 x 26
2025/04/26 20:19:16 dimensions: 213 53
2025/04/26 20:19:16 Requested dimensions: 47 x 26
2025/04/26 20:19:41 dimensions: 213 53
2025/04/26 20:19:41 Requested dimensions: 47 x 26
2025/04/26 20:19:41 dimensions: 213 53
2025/04/26 20:19:41 Requested dimensions: 47 x 26
2025/04/26 20:19:41 dimensions: 213 53
2025/04/26 20:19:41 Requested dimensions: 47 x 26
2025/04/26 20:19:44 Application starts
2025/04/26 20:19:44 dimensions: 40 40
2025/04/26 20:19:44 Requested dimensions: 4 x 20
2025/04/26 20:19:44 dimensions: 213 53
2025/04/26 20:19:44 Requested dimensions: 47 x 26
2025/04/26 20:19:44 dimensions: 213 53
2025/04/26 20:19:44 Requested dimensions: 47 x 26
2025/04/26 20:19:49 dimensions: 213 53
2025/04/26 20:19:49 Requested dimensions: 47 x 26
2025/04/26 20:19:49 dimensions: 213 53
2025/04/26 20:19:49 Requested dimensions: 47 x 26
2025/04/26 20:21:22 dimensions: 213 53
2025/04/26 20:21:22 Requested dimensions: 47 x 26
2025/04/26 20:21:22 dimensions: 213 53
2025/04/26 20:21:22 Requested dimensions: 47 x 26
2025/04/26 20:21:25 Application starts
2025/04/26 20:21:25 dimensions: 40 40
2025/04/26 20:21:25 Requested dimensions: 4 x 20
2025/04/26 20:21:25 dimensions: 213 53
2025/04/26 20:21:25 Requested dimensions: 47 x 26
2025/04/26 20:21:25 dimensions: 213 53
2025/04/26 20:21:25 Requested dimensions: 47 x 26
2025/04/26 20:21:28 dimensions: 213 53
2025/04/26 20:21:28 Requested dimensions: 47 x 26
2025/04/26 20:21:28 dimensions: 213 53
2025/04/26 20:21:28 Requested dimensions: 47 x 26
2025/04/26 20:21:32 dimensions: 213 53
2025/04/26 20:21:32 Requested dimensions: 47 x 26
2025/04/26 20:21:33 dimensions: 213 53
2025/04/26 20:21:33 Requested dimensions: 47 x 26
2025/04/26 20:21:37 dimensions: 213 53
2025/04/26 20:21:37 Requested dimensions: 47 x 26
2025/04/26 20:21:37 dimensions: 213 53
2025/04/26 20:21:37 Requested dimensions: 47 x 26
2025/04/26 20:21:55 dimensions: 213 53
2025/04/26 20:21:55 Requested dimensions: 47 x 26
2025/04/26 20:21:55 dimensions: 213 53
2025/04/26 20:21:55 Requested dimensions: 47 x 26
2025/04/26 20:22:02 Application starts
2025/04/26 20:22:02 dimensions: 40 40
2025/04/26 20:22:02 Requested dimensions: 4 x 20
2025/04/26 20:22:02 dimensions: 213 53
2025/04/26 20:22:02 Requested dimensions: 47 x 26
2025/04/26 20:22:02 dimensions: 213 53
2025/04/26 20:22:02 Requested dimensions: 47 x 26
2025/04/26 20:22:03 dimensions: 213 53
2025/04/26 20:22:03 Requested dimensions: 47 x 26
2025/04/26 20:22:03 dimensions: 213 53
2025/04/26 20:22:03 Requested dimensions: 47 x 26
2025/04/26 20:23:37 Application starts
2025/04/26 20:23:37 dimensions: 40 40
2025/04/26 20:23:37 Requested dimensions: 4 x 20
2025/04/26 20:23:37 dimensions: 213 53
2025/04/26 20:23:37 Requested dimensions: 47 x 26
2025/04/26 20:23:37 dimensions: 213 53
2025/04/26 20:23:37 Requested dimensions: 47 x 26
2025/04/26 20:23:48 dimensions: 160 53
2025/04/26 20:23:48 Requested dimensions: 34 x 26
2025/04/26 20:23:48 dimensions: 160 33
2025/04/26 20:23:48 Requested dimensions: 34 x 16
2025/04/26 20:23:57 dimensions: 159 33
2025/04/26 20:23:57 Requested dimensions: 33 x 16
2025/04/26 20:23:57 dimensions: 158 33
2025/04/26 20:23:57 Requested dimensions: 33 x 16
2025/04/26 20:23:57 dimensions: 157 33
2025/04/26 20:23:57 Requested dimensions: 33 x 16
2025/04/26 20:23:57 dimensions: 157 32
2025/04/26 20:23:57 Requested dimensions: 33 x 16
2025/04/26 20:23:57 dimensions: 156 32
2025/04/26 20:23:57 Requested dimensions: 33 x 16
2025/04/26 20:23:57 dimensions: 154 32
2025/04/26 20:23:57 Requested dimensions: 32 x 16
2025/04/26 20:23:57 dimensions: 154 31
2025/04/26 20:23:57 Requested dimensions: 32 x 15
2025/04/26 20:23:57 dimensions: 152 31
2025/04/26 20:23:57 Requested dimensions: 32 x 15
2025/04/26 20:23:57 dimensions: 151 31
2025/04/26 20:23:57 Requested dimensions: 31 x 15
2025/04/26 20:23:57 dimensions: 151 30
2025/04/26 20:23:57 Requested dimensions: 31 x 15
2025/04/26 20:23:57 dimensions: 149 30
2025/04/26 20:23:57 Requested dimensions: 31 x 15
2025/04/26 20:23:57 dimensions: 148 30
2025/04/26 20:23:57 Requested dimensions: 31 x 15
2025/04/26 20:23:57 dimensions: 146 30
2025/04/26 20:23:57 Requested dimensions: 30 x 15
2025/04/26 20:23:57 dimensions: 146 29
2025/04/26 20:23:57 Requested dimensions: 30 x 14
2025/04/26 20:23:57 dimensions: 145 29
2025/04/26 20:23:57 Requested dimensions: 30 x 14
2025/04/26 20:23:57 dimensions: 144 29
2025/04/26 20:23:57 Requested dimensions: 30 x 14
2025/04/26 20:23:57 dimensions: 144 28
2025/04/26 20:23:57 Requested dimensions: 30 x 14
2025/04/26 20:23:57 dimensions: 143 28
2025/04/26 20:23:57 Requested dimensions: 29 x 14
2025/04/26 20:23:57 dimensions: 142 28
2025/04/26 20:23:57 Requested dimensions: 29 x 14
2025/04/26 20:23:57 dimensions: 142 27
2025/04/26 20:23:57 Requested dimensions: 29 x 13
2025/04/26 20:23:57 dimensions: 141 27
2025/04/26 20:23:57 Requested dimensions: 29 x 13
2025/04/26 20:23:57 dimensions: 140 27
2025/04/26 20:23:57 Requested dimensions: 29 x 13
2025/04/26 20:23:57 dimensions: 139 27
2025/04/26 20:23:57 Requested dimensions: 28 x 13
2025/04/26 20:23:57 dimensions: 138 27
2025/04/26 20:23:57 Requested dimensions: 28 x 13
2025/04/26 20:23:57 dimensions: 138 26
2025/04/26 20:23:57 Requested dimensions: 28 x 13
2025/04/26 20:23:57 dimensions: 137 26
2025/04/26 20:23:57 Requested dimensions: 28 x 13
2025/04/26 20:23:57 dimensions: 136 26
2025/04/26 20:23:57 Requested dimensions: 28 x 13
2025/04/26 20:23:57 dimensions: 135 26
2025/04/26 20:23:57 Requested dimensions: 27 x 13
2025/04/26 20:23:57 dimensions: 134 26
2025/04/26 20:23:57 Requested dimensions: 27 x 13
2025/04/26 20:23:57 dimensions: 134 25
2025/04/26 20:23:57 Requested dimensions: 27 x 12
2025/04/26 20:23:57 dimensions: 133 25
2025/04/26 20:23:57 Requested dimensions: 27 x 12
2025/04/26 20:23:58 dimensions: 132 25
2025/04/26 20:23:58 Requested dimensions: 27 x 12
2025/04/26 20:23:58 dimensions: 131 25
2025/04/26 20:23:58 Requested dimensions: 26 x 12
2025/04/26 20:23:58 dimensions: 130 25
2025/04/26 20:23:58 Requested dimensions: 26 x 12
2025/04/26 20:23:58 dimensions: 129 25
2025/04/26 20:23:58 Requested dimensions: 26 x 12
2025/04/26 20:23:58 dimensions: 128 25
2025/04/26 20:23:58 Requested dimensions: 26 x 12
2025/04/26 20:23:58 dimensions: 127 25
2025/04/26 20:23:58 Requested dimensions: 25 x 12
2025/04/26 20:23:58 dimensions: 126 25
2025/04/26 20:23:58 Requested dimensions: 25 x 12
2025/04/26 20:23:58 dimensions: 125 25
2025/04/26 20:23:58 Requested dimensions: 25 x 12
2025/04/26 20:23:58 dimensions: 124 25
2025/04/26 20:23:58 Requested dimensions: 25 x 12
2025/04/26 20:23:58 dimensions: 124 24
2025/04/26 20:23:58 Requested dimensions: 25 x 12
2025/04/26 20:23:58 dimensions: 123 24
2025/04/26 20:23:58 Requested dimensions: 24 x 12
2025/04/26 20:23:58 dimensions: 122 24
2025/04/26 20:23:58 Requested dimensions: 24 x 12
2025/04/26 20:23:58 dimensions: 121 24
2025/04/26 20:23:58 Requested dimensions: 24 x 12
2025/04/26 20:23:58 dimensions: 120 24
2025/04/26 20:23:58 Requested dimensions: 24 x 12
2025/04/26 20:23:58 dimensions: 119 24
2025/04/26 20:23:58 Requested dimensions: 23 x 12
2025/04/26 20:23:58 dimensions: 118 24
2025/04/26 20:23:58 Requested dimensions: 23 x 12
2025/04/26 20:23:58 dimensions: 117 24
2025/04/26 20:23:58 Requested dimensions: 23 x 12
2025/04/26 20:23:58 dimensions: 116 24
2025/04/26 20:23:58 Requested dimensions: 23 x 12
2025/04/26 20:23:58 dimensions: 115 24
2025/04/26 20:23:58 Requested dimensions: 22 x 12
2025/04/26 20:23:58 dimensions: 114 24
2025/04/26 20:23:58 Requested dimensions: 22 x 12
2025/04/26 20:23:58 dimensions: 113 24
2025/04/26 20:23:58 Requested dimensions: 22 x 12
2025/04/26 20:23:58 dimensions: 112 24
2025/04/26 20:23:58 Requested dimensions: 22 x 12
2025/04/26 20:23:58 dimensions: 111 24
2025/04/26 20:23:58 Requested dimensions: 21 x 12
2025/04/26 20:23:58 dimensions: 111 23
2025/04/26 20:23:58 Requested dimensions: 21 x 11
2025/04/26 20:23:59 dimensions: 110 23
2025/04/26 20:23:59 Requested dimensions: 21 x 11
2025/04/26 20:23:59 dimensions: 109 23
2025/04/26 20:23:59 Requested dimensions: 21 x 11
2025/04/26 20:23:59 dimensions: 108 23
2025/04/26 20:23:59 Requested dimensions: 21 x 11
2025/04/26 20:23:59 dimensions: 107 23
2025/04/26 20:23:59 Requested dimensions: 20 x 11
2025/04/26 20:23:59 dimensions: 106 23
2025/04/26 20:23:59 Requested dimensions: 20 x 11
2025/04/26 20:23:59 dimensions: 104 23
2025/04/26 20:23:59 Requested dimensions: 20 x 11
2025/04/26 20:23:59 dimensions: 103 23
2025/04/26 20:23:59 Requested dimensions: 19 x 11
2025/04/26 20:23:59 dimensions: 102 23
2025/04/26 20:23:59 Requested dimensions: 19 x 11
2025/04/26 20:23:59 dimensions: 101 23
2025/04/26 20:23:59 Requested dimensions: 19 x 11
2025/04/26 20:23:59 dimensions: 100 23
2025/04/26 20:23:59 Requested dimensions: 19 x 11
2025/04/26 20:23:59 dimensions: 99 23
2025/04/26 20:23:59 Requested dimensions: 18 x 11
2025/04/26 20:23:59 dimensions: 98 23
2025/04/26 20:23:59 Requested dimensions: 18 x 11
2025/04/26 20:23:59 dimensions: 97 23
2025/04/26 20:23:59 Requested dimensions: 18 x 11
2025/04/26 20:23:59 dimensions: 96 23
2025/04/26 20:23:59 Requested dimensions: 18 x 11
2025/04/26 20:23:59 dimensions: 96 22
2025/04/26 20:23:59 Requested dimensions: 18 x 11
2025/04/26 20:23:59 dimensions: 95 22
2025/04/26 20:23:59 Requested dimensions: 17 x 11
2025/04/26 20:23:59 dimensions: 94 22
2025/04/26 20:23:59 Requested dimensions: 17 x 11
2025/04/26 20:23:59 dimensions: 93 22
2025/04/26 20:23:59 Requested dimensions: 17 x 11
2025/04/26 20:23:59 dimensions: 92 22
2025/04/26 20:23:59 Requested dimensions: 17 x 11
2025/04/26 20:23:59 dimensions: 91 22
2025/04/26 20:23:59 Requested dimensions: 16 x 11
2025/04/26 20:23:59 dimensions: 92 22
2025/04/26 20:23:59 Requested dimensions: 17 x 11
2025/04/26 20:23:59 dimensions: 93 22
2025/04/26 20:23:59 Requested dimensions: 17 x 11
2025/04/26 20:23:59 dimensions: 94 22
2025/04/26 20:23:59 Requested dimensions: 17 x 11
2025/04/26 20:23:59 dimensions: 94 21
2025/04/26 20:23:59 Requested dimensions: 17 x 10
2025/04/26 20:23:59 dimensions: 95 21
2025/04/26 20:23:59 Requested dimensions: 17 x 10
2025/04/26 20:23:59 dimensions: 96 21
2025/04/26 20:23:59 Requested dimensions: 18 x 10
2025/04/26 20:23:59 dimensions: 96 20
2025/04/26 20:23:59 Requested dimensions: 18 x 10
2025/04/26 20:23:59 dimensions: 97 20
2025/04/26 20:23:59 Requested dimensions: 18 x 10
2025/04/26 20:23:59 dimensions: 96 20
2025/04/26 20:23:59 Requested dimensions: 18 x 10
2025/04/26 20:23:59 dimensions: 95 20
2025/04/26 20:23:59 Requested dimensions: 17 x 10
2025/04/26 20:23:59 dimensions: 93 21
2025/04/26 20:23:59 Requested dimensions: 17 x 10
2025/04/26 20:23:59 dimensions: 92 21
2025/04/26 20:23:59 Requested dimensions: 17 x 10
2025/04/26 20:23:59 dimensions: 91 21
2025/04/26 20:23:59 Requested dimensions: 16 x 10
2025/04/26 20:23:59 dimensions: 90 21
2025/04/26 20:23:59 Requested dimensions: 16 x 10
2025/04/26 20:23:59 dimensions: 89 21
2025/04/26 20:23:59 Requested dimensions: 16 x 10
2025/04/26 20:24:00 dimensions: 88 21
2025/04/26 20:24:00 Requested dimensions: 16 x 10
2025/04/26 20:24:00 dimensions: 87 22
2025/04/26 20:24:00 Requested dimensions: 15 x 11
2025/04/26 20:24:00 dimensions: 86 22
2025/04/26 20:24:00 Requested dimensions: 15 x 11
2025/04/26 20:24:00 dimensions: 85 22
2025/04/26 20:24:00 Requested dimensions: 15 x 11
2025/04/26 20:24:00 dimensions: 84 22
2025/04/26 20:24:00 Requested dimensions: 15 x 11
2025/04/26 20:24:00 dimensions: 84 23
2025/04/26 20:24:00 Requested dimensions: 15 x 11
2025/04/26 20:24:00 dimensions: 83 23
2025/04/26 20:24:00 Requested dimensions: 14 x 11
2025/04/26 20:24:00 dimensions: 82 23
2025/04/26 20:24:00 Requested dimensions: 14 x 11
2025/04/26 20:24:00 dimensions: 81 23
2025/04/26 20:24:00 Requested dimensions: 14 x 11
2025/04/26 20:24:00 dimensions: 81 24
2025/04/26 20:24:00 Requested dimensions: 14 x 12
2025/04/26 20:24:00 dimensions: 80 24
2025/04/26 20:24:00 Requested dimensions: 14 x 12
2025/04/26 20:24:01 dimensions: 79 24
2025/04/26 20:24:01 Requested dimensions: 13 x 12
2025/04/26 20:24:01 dimensions: 78 24
2025/04/26 20:24:01 Requested dimensions: 13 x 12
2025/04/26 20:24:01 dimensions: 77 24
2025/04/26 20:24:01 Requested dimensions: 13 x 12
2025/04/26 20:24:01 dimensions: 76 24
2025/04/26 20:24:01 Requested dimensions: 13 x 12
2025/04/26 20:24:01 dimensions: 75 24
2025/04/26 20:24:01 Requested dimensions: 12 x 12
2025/04/26 20:24:01 dimensions: 74 24
2025/04/26 20:24:01 Requested dimensions: 12 x 12
2025/04/26 20:24:01 dimensions: 73 24
2025/04/26 20:24:01 Requested dimensions: 12 x 12
2025/04/26 20:24:01 dimensions: 72 24
2025/04/26 20:24:01 Requested dimensions: 12 x 12
2025/04/26 20:24:01 dimensions: 71 24
2025/04/26 20:24:01 Requested dimensions: 11 x 12
2025/04/26 20:24:01 dimensions: 70 24
2025/04/26 20:24:01 Requested dimensions: 11 x 12
2025/04/26 20:24:01 dimensions: 69 24
2025/04/26 20:24:01 Requested dimensions: 11 x 12
2025/04/26 20:24:01 dimensions: 68 24
2025/04/26 20:24:01 Requested dimensions: 11 x 12
2025/04/26 20:24:01 dimensions: 67 24
2025/04/26 20:24:01 Requested dimensions: 10 x 12
2025/04/26 20:24:01 dimensions: 66 24
2025/04/26 20:24:01 Requested dimensions: 10 x 12
2025/04/26 20:24:01 dimensions: 65 24
2025/04/26 20:24:01 Requested dimensions: 10 x 12
2025/04/26 20:24:01 dimensions: 64 24
2025/04/26 20:24:01 Requested dimensions: 10 x 12
2025/04/26 20:24:01 dimensions: 63 24
2025/04/26 20:24:01 Requested dimensions: 9 x 12
2025/04/26 20:24:01 dimensions: 62 24
2025/04/26 20:24:01 Requested dimensions: 9 x 12
2025/04/26 20:24:01 dimensions: 61 24
2025/04/26 20:24:01 Requested dimensions: 9 x 12
2025/04/26 20:24:01 dimensions: 60 24
2025/04/26 20:24:01 Requested dimensions: 9 x 12
2025/04/26 20:24:01 dimensions: 59 24
2025/04/26 20:24:01 Requested dimensions: 8 x 12
2025/04/26 20:24:01 dimensions: 58 24
2025/04/26 20:24:01 Requested dimensions: 8 x 12
2025/04/26 20:24:01 dimensions: 57 24
2025/04/26 20:24:01 Requested dimensions: 8 x 12
2025/04/26 20:24:01 dimensions: 56 24
2025/04/26 20:24:01 Requested dimensions: 8 x 12
2025/04/26 20:24:01 dimensions: 55 24
2025/04/26 20:24:01 Requested dimensions: 7 x 12
2025/04/26 20:24:01 dimensions: 54 24
2025/04/26 20:24:01 Requested dimensions: 7 x 12
2025/04/26 20:24:01 dimensions: 53 24
2025/04/26 20:24:01 Requested dimensions: 7 x 12
2025/04/26 20:24:02 dimensions: 52 24
2025/04/26 20:24:02 Requested dimensions: 7 x 12
2025/04/26 20:24:02 dimensions: 51 24
2025/04/26 20:24:02 Requested dimensions: 6 x 12
2025/04/26 20:24:02 dimensions: 50 24
2025/04/26 20:24:02 Requested dimensions: 6 x 12
2025/04/26 20:24:02 dimensions: 49 24
2025/04/26 20:24:02 Requested dimensions: 6 x 12
2025/04/26 20:24:02 dimensions: 48 24
2025/04/26 20:24:02 Requested dimensions: 6 x 12
2025/04/26 20:24:02 dimensions: 47 24
2025/04/26 20:24:02 Requested dimensions: 5 x 12
2025/04/26 20:24:02 dimensions: 46 24
2025/04/26 20:24:02 Requested dimensions: 5 x 12
2025/04/26 20:24:02 dimensions: 45 24
2025/04/26 20:24:02 Requested dimensions: 5 x 12
2025/04/26 20:24:02 dimensions: 44 24
2025/04/26 20:24:02 Requested dimensions: 5 x 12
2025/04/26 20:24:02 dimensions: 43 24
2025/04/26 20:24:02 Requested dimensions: 4 x 12
2025/04/26 20:24:02 dimensions: 42 24
2025/04/26 20:24:02 Requested dimensions: 4 x 12
2025/04/26 20:24:02 dimensions: 42 25
2025/04/26 20:24:02 Requested dimensions: 4 x 12
2025/04/26 20:24:02 dimensions: 43 25
2025/04/26 20:24:02 Requested dimensions: 4 x 12
2025/04/26 20:24:02 dimensions: 44 25
2025/04/26 20:24:02 Requested dimensions: 5 x 12
2025/04/26 20:24:02 dimensions: 45 25
2025/04/26 20:24:02 Requested dimensions: 5 x 12
2025/04/26 20:24:02 dimensions: 46 25
2025/04/26 20:24:02 Requested dimensions: 5 x 12
2025/04/26 20:24:02 dimensions: 47 25
2025/04/26 20:24:02 Requested dimensions: 5 x 12
2025/04/26 20:24:02 dimensions: 48 25
2025/04/26 20:24:02 Requested dimensions: 6 x 12
2025/04/26 20:24:02 dimensions: 49 25
2025/04/26 20:24:02 Requested dimensions: 6 x 12
2025/04/26 20:24:02 dimensions: 50 25
2025/04/26 20:24:02 Requested dimensions: 6 x 12
2025/04/26 20:24:02 dimensions: 51 25
2025/04/26 20:24:02 Requested dimensions: 6 x 12
2025/04/26 20:24:02 dimensions: 52 25
2025/04/26 20:24:02 Requested dimensions: 7 x 12
2025/04/26 20:24:02 dimensions: 53 25
2025/04/26 20:24:02 Requested dimensions: 7 x 12
2025/04/26 20:24:02 dimensions: 54 25
2025/04/26 20:24:02 Requested dimensions: 7 x 12
2025/04/26 20:24:02 dimensions: 55 25
2025/04/26 20:24:02 Requested dimensions: 7 x 12
2025/04/26 20:24:02 dimensions: 56 25
2025/04/26 20:24:02 Requested dimensions: 8 x 12
2025/04/26 20:24:02 dimensions: 57 25
2025/04/26 20:24:02 Requested dimensions: 8 x 12
2025/04/26 20:24:02 dimensions: 59 25
2025/04/26 20:24:02 Requested dimensions: 8 x 12
2025/04/26 20:24:02 dimensions: 60 25
2025/04/26 20:24:02 Requested dimensions: 9 x 12
2025/04/26 20:24:02 dimensions: 61 25
2025/04/26 20:24:02 Requested dimensions: 9 x 12
2025/04/26 20:24:02 dimensions: 62 25
2025/04/26 20:24:02 Requested dimensions: 9 x 12
2025/04/26 20:24:02 dimensions: 63 25
2025/04/26 20:24:02 Requested dimensions: 9 x 12
2025/04/26 20:24:02 dimensions: 64 25
2025/04/26 20:24:02 Requested dimensions: 10 x 12
2025/04/26 20:24:02 dimensions: 65 25
2025/04/26 20:24:02 Requested dimensions: 10 x 12
2025/04/26 20:24:02 dimensions: 66 25
2025/04/26 20:24:02 Requested dimensions: 10 x 12
2025/04/26 20:24:02 dimensions: 67 25
2025/04/26 20:24:02 Requested dimensions: 10 x 12
2025/04/26 20:24:02 dimensions: 68 25
2025/04/26 20:24:02 Requested dimensions: 11 x 12
2025/04/26 20:24:02 dimensions: 69 25
2025/04/26 20:24:02 Requested dimensions: 11 x 12
2025/04/26 20:24:03 dimensions: 70 25
2025/04/26 20:24:03 Requested dimensions: 11 x 12
2025/04/26 20:24:03 dimensions: 71 25
2025/04/26 20:24:03 Requested dimensions: 11 x 12
2025/04/26 20:24:03 dimensions: 72 25
2025/04/26 20:24:03 Requested dimensions: 12 x 12
2025/04/26 20:24:03 dimensions: 73 25
2025/04/26 20:24:03 Requested dimensions: 12 x 12
2025/04/26 20:24:03 dimensions: 74 25
2025/04/26 20:24:03 Requested dimensions: 12 x 12
2025/04/26 20:24:03 dimensions: 75 25
2025/04/26 20:24:03 Requested dimensions: 12 x 12
2025/04/26 20:24:03 dimensions: 76 25
2025/04/26 20:24:03 Requested dimensions: 13 x 12
2025/04/26 20:24:03 dimensions: 76 24
2025/04/26 20:24:03 Requested dimensions: 13 x 12
2025/04/26 20:24:03 dimensions: 77 24
2025/04/26 20:24:03 Requested dimensions: 13 x 12
2025/04/26 20:24:03 dimensions: 78 24
2025/04/26 20:24:03 Requested dimensions: 13 x 12
2025/04/26 20:24:03 dimensions: 79 24
2025/04/26 20:24:03 Requested dimensions: 13 x 12
2025/04/26 20:24:03 dimensions: 80 24
2025/04/26 20:24:03 Requested dimensions: 14 x 12
2025/04/26 20:24:03 dimensions: 81 24
2025/04/26 20:24:03 Requested dimensions: 14 x 12
2025/04/26 20:24:03 dimensions: 82 24
2025/04/26 20:24:03 Requested dimensions: 14 x 12
2025/04/26 20:24:03 dimensions: 83 24
2025/04/26 20:24:03 Requested dimensions: 14 x 12
2025/04/26 20:24:03 dimensions: 84 24
2025/04/26 20:24:03 Requested dimensions: 15 x 12
2025/04/26 20:24:03 dimensions: 85 24
2025/04/26 20:24:03 Requested dimensions: 15 x 12
2025/04/26 20:24:03 dimensions: 86 24
2025/04/26 20:24:03 Requested dimensions: 15 x 12
2025/04/26 20:24:03 dimensions: 87 24
2025/04/26 20:24:03 Requested dimensions: 15 x 12
2025/04/26 20:24:03 dimensions: 88 24
2025/04/26 20:24:03 Requested dimensions: 16 x 12
2025/04/26 20:24:03 dimensions: 89 24
2025/04/26 20:24:03 Requested dimensions: 16 x 12
2025/04/26 20:24:03 dimensions: 90 24
2025/04/26 20:24:03 Requested dimensions: 16 x 12
2025/04/26 20:24:03 dimensions: 91 24
2025/04/26 20:24:03 Requested dimensions: 16 x 12
2025/04/26 20:24:03 dimensions: 92 24
2025/04/26 20:24:03 Requested dimensions: 17 x 12
2025/04/26 20:24:03 dimensions: 92 23
2025/04/26 20:24:03 Requested dimensions: 17 x 11
2025/04/26 20:24:03 dimensions: 93 23
2025/04/26 20:24:03 Requested dimensions: 17 x 11
2025/04/26 20:24:03 dimensions: 94 23
2025/04/26 20:24:03 Requested dimensions: 17 x 11
2025/04/26 20:24:03 dimensions: 95 23
2025/04/26 20:24:03 Requested dimensions: 17 x 11
2025/04/26 20:24:03 dimensions: 96 23
2025/04/26 20:24:03 Requested dimensions: 18 x 11
2025/04/26 20:24:03 dimensions: 97 23
2025/04/26 20:24:03 Requested dimensions: 18 x 11
2025/04/26 20:24:03 dimensions: 99 23
2025/04/26 20:24:03 Requested dimensions: 18 x 11
2025/04/26 20:24:03 dimensions: 100 23
2025/04/26 20:24:03 Requested dimensions: 19 x 11
2025/04/26 20:24:03 dimensions: 101 23
2025/04/26 20:24:03 Requested dimensions: 19 x 11
2025/04/26 20:24:03 dimensions: 101 22
2025/04/26 20:24:03 Requested dimensions: 19 x 11
2025/04/26 20:24:03 dimensions: 102 22
2025/04/26 20:24:03 Requested dimensions: 19 x 11
2025/04/26 20:24:03 dimensions: 103 22
2025/04/26 20:24:03 Requested dimensions: 19 x 11
2025/04/26 20:24:03 dimensions: 104 22
2025/04/26 20:24:03 Requested dimensions: 20 x 11
2025/04/26 20:24:03 dimensions: 105 22
2025/04/26 20:24:03 Requested dimensions: 20 x 11
2025/04/26 20:24:03 dimensions: 106 22
2025/04/26 20:24:03 Requested dimensions: 20 x 11
2025/04/26 20:24:03 dimensions: 107 22
2025/04/26 20:24:03 Requested dimensions: 20 x 11
2025/04/26 20:24:03 dimensions: 108 22
2025/04/26 20:24:03 Requested dimensions: 21 x 11
2025/04/26 20:24:03 dimensions: 108 21
2025/04/26 20:24:03 Requested dimensions: 21 x 10
2025/04/26 20:24:03 dimensions: 109 21
2025/04/26 20:24:03 Requested dimensions: 21 x 10
2025/04/26 20:24:03 dimensions: 110 21
2025/04/26 20:24:03 Requested dimensions: 21 x 10
2025/04/26 20:24:03 dimensions: 111 21
2025/04/26 20:24:03 Requested dimensions: 21 x 10
2025/04/26 20:24:03 dimensions: 112 21
2025/04/26 20:24:03 Requested dimensions: 22 x 10
2025/04/26 20:24:03 dimensions: 113 21
2025/04/26 20:24:03 Requested dimensions: 22 x 10
2025/04/26 20:24:03 dimensions: 114 21
2025/04/26 20:24:03 Requested dimensions: 22 x 10
2025/04/26 20:24:03 dimensions: 115 21
2025/04/26 20:24:03 Requested dimensions: 22 x 10
2025/04/26 20:24:03 dimensions: 115 20
2025/04/26 20:24:03 Requested dimensions: 22 x 10
2025/04/26 20:24:03 dimensions: 116 20
2025/04/26 20:24:03 Requested dimensions: 23 x 10
2025/04/26 20:24:03 dimensions: 117 20
2025/04/26 20:24:03 Requested dimensions: 23 x 10
2025/04/26 20:24:03 dimensions: 118 20
2025/04/26 20:24:03 Requested dimensions: 23 x 10
2025/04/26 20:24:03 dimensions: 119 20
2025/04/26 20:24:03 Requested dimensions: 23 x 10
2025/04/26 20:24:03 dimensions: 120 20
2025/04/26 20:24:03 Requested dimensions: 24 x 10
2025/04/26 20:24:03 dimensions: 121 20
2025/04/26 20:24:03 Requested dimensions: 24 x 10
2025/04/26 20:24:03 dimensions: 121 19
2025/04/26 20:24:03 Requested dimensions: 24 x 9
2025/04/26 20:24:03 dimensions: 122 19
2025/04/26 20:24:03 Requested dimensions: 24 x 9
2025/04/26 20:24:03 dimensions: 123 19
2025/04/26 20:24:03 Requested dimensions: 24 x 9
2025/04/26 20:24:03 dimensions: 124 19
2025/04/26 20:24:03 Requested dimensions: 25 x 9
2025/04/26 20:24:03 dimensions: 125 19
2025/04/26 20:24:03 Requested dimensions: 25 x 9
2025/04/26 20:24:03 dimensions: 125 18
2025/04/26 20:24:03 Requested dimensions: 25 x 9
2025/04/26 20:24:03 dimensions: 126 18
2025/04/26 20:24:03 Requested dimensions: 25 x 9
2025/04/26 20:24:03 dimensions: 127 18
2025/04/26 20:24:03 Requested dimensions: 25 x 9
2025/04/26 20:24:03 dimensions: 128 18
2025/04/26 20:24:03 Requested dimensions: 26 x 9
2025/04/26 20:24:04 dimensions: 129 18
2025/04/26 20:24:04 Requested dimensions: 26 x 9
2025/04/26 20:24:04 dimensions: 129 17
2025/04/26 20:24:04 Requested dimensions: 26 x 8
2025/04/26 20:24:04 dimensions: 130 17
2025/04/26 20:24:04 Requested dimensions: 26 x 8
2025/04/26 20:24:04 dimensions: 131 17
2025/04/26 20:24:04 Requested dimensions: 26 x 8
2025/04/26 20:24:04 dimensions: 132 17
2025/04/26 20:24:04 Requested dimensions: 27 x 8
2025/04/26 20:24:04 dimensions: 132 16
2025/04/26 20:24:04 Requested dimensions: 27 x 8
2025/04/26 20:24:04 dimensions: 133 16
2025/04/26 20:24:04 Requested dimensions: 27 x 8
2025/04/26 20:24:04 dimensions: 134 16
2025/04/26 20:24:04 Requested dimensions: 27 x 8
2025/04/26 20:24:04 dimensions: 135 16
2025/04/26 20:24:04 Requested dimensions: 27 x 8
2025/04/26 20:24:04 dimensions: 135 15
2025/04/26 20:24:04 Requested dimensions: 27 x 7
2025/04/26 20:24:04 dimensions: 136 15
2025/04/26 20:24:04 Requested dimensions: 28 x 7
2025/04/26 20:24:04 dimensions: 137 15
2025/04/26 20:24:04 Requested dimensions: 28 x 7
2025/04/26 20:24:04 dimensions: 137 14
2025/04/26 20:24:04 Requested dimensions: 28 x 7
2025/04/26 20:24:04 dimensions: 138 14
2025/04/26 20:24:04 Requested dimensions: 28 x 7
2025/04/26 20:24:04 dimensions: 139 14
2025/04/26 20:24:04 Requested dimensions: 28 x 7
2025/04/26 20:24:04 dimensions: 139 13
2025/04/26 20:24:04 Requested dimensions: 28 x 6
2025/04/26 20:24:04 dimensions: 140 13
2025/04/26 20:24:04 Requested dimensions: 29 x 6
2025/04/26 20:24:05 dimensions: 141 13
2025/04/26 20:24:05 Requested dimensions: 29 x 6
2025/04/26 20:24:05 dimensions: 141 12
2025/04/26 20:24:05 Requested dimensions: 29 x 6
2025/04/26 20:24:05 dimensions: 141 11
2025/04/26 20:24:05 Requested dimensions: 29 x 5
2025/04/26 20:24:05 dimensions: 141 12
2025/04/26 20:24:05 Requested dimensions: 29 x 6
2025/04/26 20:24:05 dimensions: 140 13
2025/04/26 20:24:05 Requested dimensions: 29 x 6
2025/04/26 20:24:05 dimensions: 140 14
2025/04/26 20:24:05 Requested dimensions: 29 x 7
2025/04/26 20:24:06 dimensions: 140 15
2025/04/26 20:24:06 Requested dimensions: 29 x 7
2025/04/26 20:24:06 dimensions: 140 16
2025/04/26 20:24:06 Requested dimensions: 29 x 8
2025/04/26 20:24:06 dimensions: 140 17
2025/04/26 20:24:06 Requested dimensions: 29 x 8
2025/04/26 20:24:06 dimensions: 141 17
2025/04/26 20:24:06 Requested dimensions: 29 x 8
2025/04/26 20:24:06 dimensions: 141 18
2025/04/26 20:24:06 Requested dimensions: 29 x 9
2025/04/26 20:24:06 dimensions: 141 19
2025/04/26 20:24:06 Requested dimensions: 29 x 9
2025/04/26 20:24:06 dimensions: 141 20
2025/04/26 20:24:06 Requested dimensions: 29 x 10
2025/04/26 20:24:06 dimensions: 141 21
2025/04/26 20:24:06 Requested dimensions: 29 x 10
2025/04/26 20:24:07 dimensions: 142 21
2025/04/26 20:24:07 Requested dimensions: 29 x 10
2025/04/26 20:24:07 dimensions: 142 22
2025/04/26 20:24:07 Requested dimensions: 29 x 11
2025/04/26 20:24:07 dimensions: 142 23
2025/04/26 20:24:07 Requested dimensions: 29 x 11
2025/04/26 20:24:07 dimensions: 142 24
2025/04/26 20:24:07 Requested dimensions: 29 x 12
2025/04/26 20:24:07 dimensions: 142 25
2025/04/26 20:24:07 Requested dimensions: 29 x 12
2025/04/26 20:24:07 dimensions: 142 26
2025/04/26 20:24:07 Requested dimensions: 29 x 13
2025/04/26 20:24:08 dimensions: 142 25
2025/04/26 20:24:08 Requested dimensions: 29 x 12
2025/04/26 20:24:08 dimensions: 143 25
2025/04/26 20:24:08 Requested dimensions: 29 x 12
2025/04/26 20:24:08 dimensions: 143 24
2025/04/26 20:24:08 Requested dimensions: 29 x 12
2025/04/26 20:24:08 dimensions: 144 24
2025/04/26 20:24:08 Requested dimensions: 30 x 12
2025/04/26 20:24:08 dimensions: 144 23
2025/04/26 20:24:08 Requested dimensions: 30 x 11
2025/04/26 20:24:08 dimensions: 145 23
2025/04/26 20:24:08 Requested dimensions: 30 x 11
2025/04/26 20:24:08 dimensions: 145 22
2025/04/26 20:24:08 Requested dimensions: 30 x 11
2025/04/26 20:24:08 dimensions: 145 21
2025/04/26 20:24:08 Requested dimensions: 30 x 10
2025/04/26 20:24:08 dimensions: 146 21
2025/04/26 20:24:08 Requested dimensions: 30 x 10
2025/04/26 20:24:08 dimensions: 146 20
2025/04/26 20:24:08 Requested dimensions: 30 x 10
2025/04/26 20:24:08 dimensions: 146 19
2025/04/26 20:24:08 Requested dimensions: 30 x 9
2025/04/26 20:24:08 dimensions: 147 19
2025/04/26 20:24:08 Requested dimensions: 30 x 9
2025/04/26 20:24:08 dimensions: 147 18
2025/04/26 20:24:08 Requested dimensions: 30 x 9
2025/04/26 20:24:09 dimensions: 147 17
2025/04/26 20:24:09 Requested dimensions: 30 x 8
2025/04/26 20:24:09 dimensions: 148 17
2025/04/26 20:24:09 Requested dimensions: 31 x 8
2025/04/26 20:24:09 dimensions: 148 16
2025/04/26 20:24:09 Requested dimensions: 31 x 8
2025/04/26 20:24:10 dimensions: 148 17
2025/04/26 20:24:10 Requested dimensions: 31 x 8
2025/04/26 20:24:10 dimensions: 148 18
2025/04/26 20:24:10 Requested dimensions: 31 x 9
2025/04/26 20:24:11 dimensions: 148 19
2025/04/26 20:24:11 Requested dimensions: 31 x 9
2025/04/26 20:24:11 dimensions: 148 20
2025/04/26 20:24:11 Requested dimensions: 31 x 10
2025/04/26 20:24:12 dimensions: 148 21
2025/04/26 20:24:12 Requested dimensions: 31 x 10
2025/04/26 20:24:13 dimensions: 148 20
2025/04/26 20:24:13 Requested dimensions: 31 x 10
2025/04/26 20:24:13 dimensions: 148 21
2025/04/26 20:24:13 Requested dimensions: 31 x 10
2025/04/26 20:24:13 dimensions: 148 22
2025/04/26 20:24:13 Requested dimensions: 31 x 11
2025/04/26 20:24:14 dimensions: 147 22
2025/04/26 20:24:14 Requested dimensions: 30 x 11
2025/04/26 20:24:14 dimensions: 146 23
2025/04/26 20:24:14 Requested dimensions: 30 x 11
2025/04/26 20:24:14 dimensions: 145 23
2025/04/26 20:24:14 Requested dimensions: 30 x 11
2025/04/26 20:24:14 dimensions: 144 24
2025/04/26 20:24:14 Requested dimensions: 30 x 12
2025/04/26 20:24:14 dimensions: 143 24
2025/04/26 20:24:14 Requested dimensions: 29 x 12
2025/04/26 20:24:14 dimensions: 142 24
2025/04/26 20:24:14 Requested dimensions: 29 x 12
2025/04/26 20:24:14 dimensions: 141 24
2025/04/26 20:24:14 Requested dimensions: 29 x 12
2025/04/26 20:24:14 dimensions: 141 25
2025/04/26 20:24:14 Requested dimensions: 29 x 12
2025/04/26 20:24:14 dimensions: 140 25
2025/04/26 20:24:14 Requested dimensions: 29 x 12
2025/04/26 20:24:14 dimensions: 139 25
2025/04/26 20:24:14 Requested dimensions: 28 x 12
2025/04/26 20:24:14 dimensions: 138 26
2025/04/26 20:24:14 Requested dimensions: 28 x 13
2025/04/26 20:24:14 dimensions: 137 26
2025/04/26 20:24:14 Requested dimensions: 28 x 13
2025/04/26 20:24:14 dimensions: 136 26
2025/04/26 20:24:14 Requested dimensions: 28 x 13
2025/04/26 20:24:14 dimensions: 135 27
2025/04/26 20:24:14 Requested dimensions: 27 x 13
2025/04/26 20:24:14 dimensions: 134 27
2025/04/26 20:24:14 Requested dimensions: 27 x 13
2025/04/26 20:24:14 dimensions: 133 27
2025/04/26 20:24:14 Requested dimensions: 27 x 13
2025/04/26 20:24:14 dimensions: 132 28
2025/04/26 20:24:14 Requested dimensions: 27 x 14
2025/04/26 20:24:14 dimensions: 131 28
2025/04/26 20:24:14 Requested dimensions: 26 x 14
2025/04/26 20:24:14 dimensions: 130 28
2025/04/26 20:24:14 Requested dimensions: 26 x 14
2025/04/26 20:24:14 dimensions: 130 29
2025/04/26 20:24:14 Requested dimensions: 26 x 14
2025/04/26 20:24:15 dimensions: 129 29
2025/04/26 20:24:15 Requested dimensions: 26 x 14
2025/04/26 20:24:15 dimensions: 128 29
2025/04/26 20:24:15 Requested dimensions: 26 x 14
2025/04/26 20:24:15 dimensions: 127 30
2025/04/26 20:24:15 Requested dimensions: 25 x 15
2025/04/26 20:24:15 dimensions: 126 30
2025/04/26 20:24:15 Requested dimensions: 25 x 15
2025/04/26 20:24:15 dimensions: 126 31
2025/04/26 20:24:15 Requested dimensions: 25 x 15
2025/04/26 20:24:15 dimensions: 125 31
2025/04/26 20:24:15 Requested dimensions: 25 x 15
2025/04/26 20:24:15 dimensions: 126 31
2025/04/26 20:24:15 Requested dimensions: 25 x 15
2025/04/26 20:24:15 dimensions: 127 31
2025/04/26 20:24:15 Requested dimensions: 25 x 15
2025/04/26 20:24:15 dimensions: 128 31
2025/04/26 20:24:15 Requested dimensions: 26 x 15
2025/04/26 20:24:15 dimensions: 129 31
2025/04/26 20:24:15 Requested dimensions: 26 x 15
2025/04/26 20:24:15 dimensions: 130 31
2025/04/26 20:24:15 Requested dimensions: 26 x 15
2025/04/26 20:24:15 dimensions: 131 31
2025/04/26 20:24:15 Requested dimensions: 26 x 15
2025/04/26 20:24:15 dimensions: 132 31
2025/04/26 20:24:15 Requested dimensions: 27 x 15
2025/04/26 20:24:15 dimensions: 133 31
2025/04/26 20:24:15 Requested dimensions: 27 x 15
2025/04/26 20:24:15 dimensions: 134 31
2025/04/26 20:24:15 Requested dimensions: 27 x 15
2025/04/26 20:24:15 dimensions: 135 31
2025/04/26 20:24:15 Requested dimensions: 27 x 15
2025/04/26 20:24:15 dimensions: 136 31
2025/04/26 20:24:15 Requested dimensions: 28 x 15
2025/04/26 20:24:15 dimensions: 137 31
2025/04/26 20:24:15 Requested dimensions: 28 x 15
2025/04/26 20:24:15 dimensions: 137 32
2025/04/26 20:24:15 Requested dimensions: 28 x 16
2025/04/26 20:24:15 dimensions: 138 32
2025/04/26 20:24:15 Requested dimensions: 28 x 16
2025/04/26 20:24:15 dimensions: 139 32
2025/04/26 20:24:15 Requested dimensions: 28 x 16
2025/04/26 20:24:15 dimensions: 138 32
2025/04/26 20:24:15 Requested dimensions: 28 x 16
2025/04/26 20:24:15 dimensions: 138 33
2025/04/26 20:24:15 Requested dimensions: 28 x 16
2025/04/26 20:24:15 dimensions: 137 33
2025/04/26 20:24:15 Requested dimensions: 28 x 16
2025/04/26 20:24:15 dimensions: 136 33
2025/04/26 20:24:15 Requested dimensions: 28 x 16
2025/04/26 20:24:16 dimensions: 135 33
2025/04/26 20:24:16 Requested dimensions: 27 x 16
2025/04/26 20:24:16 dimensions: 134 33
2025/04/26 20:24:16 Requested dimensions: 27 x 16
2025/04/26 20:24:16 dimensions: 133 33
2025/04/26 20:24:16 Requested dimensions: 27 x 16
2025/04/26 20:24:16 dimensions: 131 34
2025/04/26 20:24:16 Requested dimensions: 26 x 17
2025/04/26 20:24:16 dimensions: 130 34
2025/04/26 20:24:16 Requested dimensions: 26 x 17
2025/04/26 20:24:16 dimensions: 128 34
2025/04/26 20:24:16 Requested dimensions: 26 x 17
2025/04/26 20:24:16 dimensions: 127 34
2025/04/26 20:24:16 Requested dimensions: 25 x 17
2025/04/26 20:24:16 dimensions: 126 34
2025/04/26 20:24:16 Requested dimensions: 25 x 17
2025/04/26 20:24:16 dimensions: 125 34
2025/04/26 20:24:16 Requested dimensions: 25 x 17
2025/04/26 20:24:16 dimensions: 125 35
2025/04/26 20:24:16 Requested dimensions: 25 x 17
2025/04/26 20:24:16 dimensions: 126 35
2025/04/26 20:24:16 Requested dimensions: 25 x 17
2025/04/26 20:24:16 dimensions: 127 35
2025/04/26 20:24:16 Requested dimensions: 25 x 17
2025/04/26 20:24:16 dimensions: 128 35
2025/04/26 20:24:16 Requested dimensions: 26 x 17
2025/04/26 20:24:16 dimensions: 130 35
2025/04/26 20:24:16 Requested dimensions: 26 x 17
2025/04/26 20:24:16 dimensions: 131 35
2025/04/26 20:24:16 Requested dimensions: 26 x 17
2025/04/26 20:24:16 dimensions: 132 35
2025/04/26 20:24:16 Requested dimensions: 27 x 17
2025/04/26 20:24:16 dimensions: 133 35
2025/04/26 20:24:16 Requested dimensions: 27 x 17
2025/04/26 20:24:16 dimensions: 134 35
2025/04/26 20:24:16 Requested dimensions: 27 x 17
2025/04/26 20:24:16 dimensions: 135 35
2025/04/26 20:24:16 Requested dimensions: 27 x 17
2025/04/26 20:24:16 dimensions: 136 35
2025/04/26 20:24:16 Requested dimensions: 28 x 17
2025/04/26 20:24:16 dimensions: 137 35
2025/04/26 20:24:16 Requested dimensions: 28 x 17
2025/04/26 20:24:16 dimensions: 138 35
2025/04/26 20:24:16 Requested dimensions: 28 x 17
2025/04/26 20:24:16 dimensions: 139 35
2025/04/26 20:24:16 Requested dimensions: 28 x 17
2025/04/26 20:24:16 dimensions: 140 35
2025/04/26 20:24:16 Requested dimensions: 29 x 17
2025/04/26 20:24:16 dimensions: 141 35
2025/04/26 20:24:16 Requested dimensions: 29 x 17
2025/04/26 20:24:16 dimensions: 142 35
2025/04/26 20:24:16 Requested dimensions: 29 x 17
2025/04/26 20:24:16 dimensions: 143 35
2025/04/26 20:24:16 Requested dimensions: 29 x 17
2025/04/26 20:24:17 dimensions: 143 34
2025/04/26 20:24:17 Requested dimensions: 29 x 17
2025/04/26 20:24:17 dimensions: 144 34
2025/04/26 20:24:17 Requested dimensions: 30 x 17
2025/04/26 20:24:17 dimensions: 145 34
2025/04/26 20:24:17 Requested dimensions: 30 x 17
2025/04/26 20:24:17 dimensions: 146 34
2025/04/26 20:24:17 Requested dimensions: 30 x 17
2025/04/26 20:24:17 dimensions: 147 34
2025/04/26 20:24:17 Requested dimensions: 30 x 17
2025/04/26 20:24:17 dimensions: 148 34
2025/04/26 20:24:17 Requested dimensions: 31 x 17
2025/04/26 20:24:17 dimensions: 149 34
2025/04/26 20:24:17 Requested dimensions: 31 x 17
2025/04/26 20:24:17 dimensions: 150 34
2025/04/26 20:24:17 Requested dimensions: 31 x 17
2025/04/26 20:24:17 dimensions: 151 34
2025/04/26 20:24:17 Requested dimensions: 31 x 17
2025/04/26 20:24:17 dimensions: 150 34
2025/04/26 20:24:17 Requested dimensions: 31 x 17
2025/04/26 20:24:17 dimensions: 149 34
2025/04/26 20:24:17 Requested dimensions: 31 x 17
2025/04/26 20:24:17 dimensions: 148 34
2025/04/26 20:24:17 Requested dimensions: 31 x 17
2025/04/26 20:24:17 dimensions: 147 34
2025/04/26 20:24:17 Requested dimensions: 30 x 17
2025/04/26 20:24:17 dimensions: 146 34
2025/04/26 20:24:17 Requested dimensions: 30 x 17
2025/04/26 20:24:17 dimensions: 145 34
2025/04/26 20:24:17 Requested dimensions: 30 x 17
2025/04/26 20:24:17 dimensions: 144 34
2025/04/26 20:24:17 Requested dimensions: 30 x 17
2025/04/26 20:24:17 dimensions: 143 34
2025/04/26 20:24:17 Requested dimensions: 29 x 17
2025/04/26 20:24:17 dimensions: 142 34
2025/04/26 20:24:17 Requested dimensions: 29 x 17
2025/04/26 20:24:17 dimensions: 141 34
2025/04/26 20:24:17 Requested dimensions: 29 x 17
2025/04/26 20:24:17 dimensions: 140 34
2025/04/26 20:24:17 Requested dimensions: 29 x 17
2025/04/26 20:24:17 dimensions: 139 34
2025/04/26 20:24:17 Requested dimensions: 28 x 17
2025/04/26 20:24:17 dimensions: 138 34
2025/04/26 20:24:17 Requested dimensions: 28 x 17
2025/04/26 20:24:17 dimensions: 137 34
2025/04/26 20:24:17 Requested dimensions: 28 x 17
2025/04/26 20:24:17 dimensions: 136 34
2025/04/26 20:24:17 Requested dimensions: 28 x 17
2025/04/26 20:24:17 dimensions: 135 34
2025/04/26 20:24:17 Requested dimensions: 27 x 17
2025/04/26 20:24:17 dimensions: 134 34
2025/04/26 20:24:17 Requested dimensions: 27 x 17
2025/04/26 20:24:17 dimensions: 133 34
2025/04/26 20:24:17 Requested dimensions: 27 x 17
2025/04/26 20:24:17 dimensions: 132 34
2025/04/26 20:24:17 Requested dimensions: 27 x 17
2025/04/26 20:24:17 dimensions: 131 34
2025/04/26 20:24:17 Requested dimensions: 26 x 17
2025/04/26 20:24:17 dimensions: 130 34
2025/04/26 20:24:17 Requested dimensions: 26 x 17
2025/04/26 20:24:17 dimensions: 129 34
2025/04/26 20:24:17 Requested dimensions: 26 x 17
2025/04/26 20:24:18 dimensions: 128 34
2025/04/26 20:24:18 Requested dimensions: 26 x 17
2025/04/26 20:24:18 dimensions: 127 34
2025/04/26 20:24:18 Requested dimensions: 25 x 17
2025/04/26 20:24:18 dimensions: 126 34
2025/04/26 20:24:18 Requested dimensions: 25 x 17
2025/04/26 20:24:18 dimensions: 127 34
2025/04/26 20:24:18 Requested dimensions: 25 x 17
2025/04/26 20:24:18 dimensions: 127 33
2025/04/26 20:24:18 Requested dimensions: 25 x 16
2025/04/26 20:24:18 dimensions: 128 33
2025/04/26 20:24:18 Requested dimensions: 26 x 16
2025/04/26 20:24:18 dimensions: 129 33
2025/04/26 20:24:18 Requested dimensions: 26 x 16
2025/04/26 20:24:34 dimensions: 129 33
2025/04/26 20:24:34 Requested dimensions: 26 x 16
2025/04/26 20:24:34 dimensions: 129 33
2025/04/26 20:24:34 Requested dimensions: 26 x 16
2025/04/26 20:24:37 Application starts
2025/04/26 20:24:37 dimensions: 40 40
2025/04/26 20:24:37 Requested dimensions: 7 x 20
2025/04/26 20:24:37 dimensions: 129 33
2025/04/26 20:24:37 Requested dimensions: 37 x 16
2025/04/26 20:24:37 dimensions: 129 33
2025/04/26 20:24:37 Requested dimensions: 37 x 16
2025/04/26 20:24:40 dimensions: 213 53
2025/04/26 20:24:40 Requested dimensions: 65 x 26
2025/04/26 20:24:46 dimensions: 129 53
2025/04/26 20:24:46 Requested dimensions: 37 x 26
2025/04/26 20:24:46 dimensions: 129 33
2025/04/26 20:24:46 Requested dimensions: 37 x 16
2025/04/26 20:24:58 dimensions: 130 34
2025/04/26 20:24:58 Requested dimensions: 37 x 17
2025/04/26 20:24:58 dimensions: 131 34
2025/04/26 20:24:58 Requested dimensions: 37 x 17
2025/04/26 20:24:58 dimensions: 132 34
2025/04/26 20:24:58 Requested dimensions: 38 x 17
2025/04/26 20:24:58 dimensions: 132 35
2025/04/26 20:24:58 Requested dimensions: 38 x 17
2025/04/26 20:24:58 dimensions: 133 35
2025/04/26 20:24:58 Requested dimensions: 38 x 17
2025/04/26 20:24:58 dimensions: 134 35
2025/04/26 20:24:58 Requested dimensions: 38 x 17
2025/04/26 20:24:58 dimensions: 134 36
2025/04/26 20:24:58 Requested dimensions: 38 x 18
2025/04/26 20:24:58 dimensions: 135 36
2025/04/26 20:24:58 Requested dimensions: 39 x 18
2025/04/26 20:24:58 dimensions: 136 36
2025/04/26 20:24:58 Requested dimensions: 39 x 18
2025/04/26 20:24:58 dimensions: 136 37
2025/04/26 20:24:58 Requested dimensions: 39 x 18
2025/04/26 20:24:58 dimensions: 135 37
2025/04/26 20:24:58 Requested dimensions: 39 x 18
2025/04/26 20:24:59 dimensions: 134 37
2025/04/26 20:24:59 Requested dimensions: 38 x 18
2025/04/26 20:24:59 dimensions: 133 37
2025/04/26 20:24:59 Requested dimensions: 38 x 18
2025/04/26 20:24:59 dimensions: 133 38
2025/04/26 20:24:59 Requested dimensions: 38 x 19
2025/04/26 20:24:59 dimensions: 134 38
2025/04/26 20:24:59 Requested dimensions: 38 x 19
2025/04/26 20:24:59 dimensions: 135 38
2025/04/26 20:24:59 Requested dimensions: 39 x 19
2025/04/26 20:24:59 dimensions: 136 38
2025/04/26 20:24:59 Requested dimensions: 39 x 19
2025/04/26 20:25:00 dimensions: 137 38
2025/04/26 20:25:00 Requested dimensions: 39 x 19
2025/04/26 20:25:00 dimensions: 138 38
2025/04/26 20:25:00 Requested dimensions: 40 x 19
2025/04/26 20:25:00 dimensions: 138 37
2025/04/26 20:25:00 Requested dimensions: 40 x 18
2025/04/26 20:25:15 dimensions: 138 37
2025/04/26 20:25:15 Requested dimensions: 40 x 18
2025/04/26 20:25:16 dimensions: 138 37
2025/04/26 20:25:16 Requested dimensions: 40 x 18
2025/04/26 20:25:16 dimensions: 138 37
2025/04/26 20:25:16 Requested dimensions: 40 x 18
2025/04/26 20:25:50 Application starts
2025/04/26 20:25:50 dimensions: 40 40
2025/04/26 20:25:50 Requested dimensions: 7 x 20
2025/04/26 20:25:50 dimensions: 138 37
2025/04/26 20:25:50 Requested dimensions: 40 x 18
2025/04/26 20:25:50 dimensions: 138 37
2025/04/26 20:25:50 Requested dimensions: 40 x 18
2025/04/26 20:26:08 dimensions: 138 38
2025/04/26 20:26:08 Requested dimensions: 40 x 19
2025/04/26 20:26:08 dimensions: 139 38
2025/04/26 20:26:08 Requested dimensions: 40 x 19
2025/04/26 20:26:10 dimensions: 140 38
2025/04/26 20:26:10 Requested dimensions: 40 x 19
2025/04/26 20:26:10 dimensions: 140 37
2025/04/26 20:26:10 Requested dimensions: 40 x 18
2025/04/26 20:26:12 dimensions: 140 38
2025/04/26 20:26:12 Requested dimensions: 40 x 19
2025/04/26 20:26:13 dimensions: 140 38
2025/04/26 20:26:13 Requested dimensions: 40 x 19
2025/04/26 20:26:45 dimensions: 213 53
2025/04/26 20:26:45 Requested dimensions: 65 x 26
2025/04/26 20:31:59 dimensions: 213 53
2025/04/26 20:31:59 Requested dimensions: 65 x 26
2025/04/26 20:31:59 dimensions: 213 53
2025/04/26 20:31:59 Requested dimensions: 65 x 26
2025/04/26 20:32:23 Application starts
2025/04/26 20:32:23 Requested dimensions: 7 x 16
2025/04/26 20:32:23 Requested dimensions: 11 x 24
2025/04/26 20:32:23 Requested dimensions: 11 x 24
2025/04/26 20:32:25 Requested dimensions: 11 x 24
2025/04/26 20:32:25 Requested dimensions: 11 x 24
2025/04/26 20:32:48 Requested dimensions: 11 x 24
2025/04/26 20:32:48 Requested dimensions: 11 x 24
2025/04/26 20:32:51 Application starts
2025/04/26 20:32:51 Requested dimensions: 7 x 3
2025/04/26 20:32:51 Requested dimensions: 11 x 24
2025/04/26 20:32:51 Requested dimensions: 11 x 24
2025/04/26 20:32:52 Requested dimensions: 11 x 24
2025/04/26 20:32:52 Requested dimensions: 11 x 24
2025/04/26 20:33:10 Requested dimensions: 11 x 24
2025/04/26 20:33:10 Requested dimensions: 11 x 24
2025/04/26 20:33:13 Application starts
2025/04/26 20:33:13 Requested dimensions: 7 x 16
2025/04/26 20:33:13 Requested dimensions: 53 x 24
2025/04/26 20:33:13 Requested dimensions: 53 x 24
2025/04/26 20:33:18 Requested dimensions: 53 x 24
2025/04/26 20:33:19 Requested dimensions: 53 x 24
2025/04/26 20:33:35 Requested dimensions: 53 x 24
2025/04/26 20:33:36 Requested dimensions: 53 x 24
2025/04/26 20:33:36 Requested dimensions: 53 x 24
2025/04/26 20:33:39 Application starts
2025/04/26 20:33:39 Requested dimensions: 7 x 16
2025/04/26 20:33:39 Requested dimensions: 65 x 144
2025/04/26 20:33:39 Requested dimensions: 65 x 144
2025/04/26 20:33:40 Requested dimensions: 65 x 144
2025/04/26 20:33:41 Requested dimensions: 65 x 144
2025/04/26 20:38:40 Requested dimensions: 65 x 144
2025/04/26 20:38:40 Requested dimensions: 65 x 144
2025/04/26 20:39:15 Application starts
2025/04/26 20:39:15 Requested dimensions: 20 x 9
2025/04/26 20:39:15 Requested dimensions: 20 x 9
2025/04/26 20:39:15 Requested dimensions: 20 x 9
2025/04/26 20:39:17 Requested dimensions: 20 x 9
2025/04/26 20:39:17 Requested dimensions: 20 x 9
2025/04/26 20:39:18 Requested dimensions: 20 x 9
2025/04/26 20:39:18 Requested dimensions: 20 x 9
2025/04/26 20:39:26 Requested dimensions: 20 x 9
2025/04/26 20:39:26 Requested dimensions: 20 x 9
2025/04/26 20:41:43 Requested dimensions: 20 x 9
2025/04/26 20:41:43 Requested dimensions: 20 x 9
2025/04/26 20:41:46 Application starts
2025/04/26 20:41:46 Requested dimensions: 7 x 20
2025/04/26 20:41:46 Requested dimensions: 65 x 26
2025/04/26 20:41:46 Requested dimensions: 65 x 26
2025/04/26 20:41:47 Requested dimensions: 65 x 26
2025/04/26 20:41:47 Requested dimensions: 65 x 26
2025/04/26 20:42:00 Requested dimensions: 65 x 26
2025/04/26 20:42:00 Requested dimensions: 65 x 26
2025/04/26 20:42:03 Application starts
2025/04/26 20:42:03 Requested dimensions: 20 x 9
2025/04/26 20:42:03 Requested dimensions: 20 x 9
2025/04/26 20:42:03 Requested dimensions: 20 x 9
2025/04/26 20:42:07 Requested dimensions: 20 x 9
2025/04/26 20:42:07 Requested dimensions: 20 x 9
2025/04/26 20:42:09 Requested dimensions: 20 x 9
2025/04/26 20:42:09 Requested dimensions: 20 x 9
2025/04/26 20:42:13 Requested dimensions: 20 x 9
2025/04/26 20:42:13 Requested dimensions: 20 x 9
2025/04/26 20:42:15 Requested dimensions: 20 x 9
2025/04/26 20:42:15 Requested dimensions: 20 x 9
2025/04/26 20:42:15 Requested dimensions: 20 x 9
2025/04/26 20:42:39 Requested dimensions: 20 x 9
2025/04/26 20:42:39 Requested dimensions: 20 x 9
2025/04/26 20:42:42 Requested dimensions: 20 x 9
2025/04/26 20:42:42 Requested dimensions: 20 x 9
2025/04/26 20:43:34 Requested dimensions: 20 x 9
2025/04/26 20:43:34 Requested dimensions: 20 x 9
2025/04/26 20:43:37 Application starts
2025/04/26 20:43:37 Requested dimensions: 20 x 9
2025/04/26 20:43:37 Requested dimensions: 20 x 9
2025/04/26 20:43:37 Requested dimensions: 20 x 9
2025/04/26 20:43:38 Requested dimensions: 20 x 9
2025/04/26 20:43:38 Requested dimensions: 20 x 9
2025/04/26 20:43:45 Requested dimensions: 20 x 9
2025/04/26 20:43:45 Requested dimensions: 20 x 9
2025/04/26 20:43:48 Application starts
2025/04/26 20:43:48 Requested dimensions: 20 x 9
2025/04/26 20:43:48 Requested dimensions: 20 x 9
2025/04/26 20:43:48 Requested dimensions: 20 x 9
2025/04/26 20:43:50 Requested dimensions: 20 x 9
2025/04/26 20:43:50 Requested dimensions: 20 x 9
2025/04/26 20:45:09 Application starts
2025/04/26 20:45:09 Requested dimensions: 20 x 9
2025/04/26 20:45:09 Requested dimensions: 20 x 9
2025/04/26 20:45:09 Requested dimensions: 20 x 9
2025/04/26 20:45:10 Requested dimensions: 20 x 9
2025/04/26 20:45:10 Requested dimensions: 20 x 9
2025/04/26 20:45:23 Application starts
2025/04/26 20:45:23 Requested dimensions: 20 x 9
2025/04/26 20:45:23 Requested dimensions: 20 x 9
2025/04/26 20:45:23 Requested dimensions: 20 x 9
2025/04/26 20:45:26 Requested dimensions: 20 x 9
2025/04/26 20:45:26 Requested dimensions: 20 x 9
2025/04/26 20:46:16 Application starts
2025/04/26 20:46:16 Requested dimensions: 20 x 9
2025/04/26 20:46:16 Requested dimensions: 20 x 9
2025/04/26 20:46:16 Requested dimensions: 20 x 9
2025/04/26 20:46:18 Requested dimensions: 20 x 9
2025/04/26 20:46:18 Requested dimensions: 20 x 9
2025/04/26 20:46:23 Application starts
2025/04/26 20:46:23 Requested dimensions: 20 x 9
2025/04/26 20:46:23 Requested dimensions: 20 x 9
2025/04/26 20:46:23 Requested dimensions: 20 x 9
2025/04/26 20:46:26 Requested dimensions: 20 x 9
2025/04/26 20:46:26 Requested dimensions: 20 x 9
2025/04/26 20:46:38 Requested dimensions: 20 x 9
2025/04/26 20:46:38 Requested dimensions: 20 x 9
2025/04/26 20:46:41 Application starts
2025/04/26 20:46:41 Requested dimensions: 20 x 9
2025/04/26 20:46:41 Requested dimensions: 20 x 9
2025/04/26 20:46:41 Requested dimensions: 20 x 9
2025/04/26 20:46:42 Requested dimensions: 20 x 9
2025/04/26 20:46:43 Requested dimensions: 20 x 9
2025/04/26 20:47:16 Requested dimensions: 20 x 9
2025/04/26 20:47:17 Requested dimensions: 20 x 9
2025/04/26 20:47:17 Requested dimensions: 20 x 9
2025/04/26 20:47:19 Application starts
2025/04/26 20:47:19 Requested dimensions: 20 x 9
2025/04/26 20:47:19 Requested dimensions: 20 x 9
2025/04/26 20:47:19 Requested dimensions: 20 x 9
2025/04/26 20:47:21 Requested dimensions: 20 x 9
2025/04/26 20:47:21 Requested dimensions: 20 x 9
2025/04/26 20:48:49 Application starts
2025/04/26 20:48:49 Requested dimensions: 20 x 9
2025/04/26 20:48:49 Requested dimensions: 20 x 9
2025/04/26 20:48:49 Requested dimensions: 20 x 9
2025/04/26 20:48:51 Requested dimensions: 20 x 9
2025/04/26 20:48:51 Requested dimensions: 20 x 9
2025/04/26 20:49:32 Application starts
2025/04/26 20:49:32 Requested dimensions: 20 x 9
2025/04/26 20:49:32 Requested dimensions: 20 x 9
2025/04/26 20:49:32 Requested dimensions: 20 x 9
2025/04/26 20:49:33 Requested dimensions: 20 x 9
2025/04/26 20:49:33 Requested dimensions: 20 x 9
2025/04/26 20:52:43 Application starts
2025/04/26 20:52:43 Requested dimensions: 20 x 9
2025/04/26 20:52:43 Requested dimensions: 20 x 9
2025/04/26 20:52:43 Requested dimensions: 20 x 9
2025/04/26 20:52:43 Requested dimensions: 20 x 9
2025/04/26 20:52:46 Requested dimensions: 20 x 9
2025/04/26 20:52:46 Requested dimensions: 20 x 9
2025/04/26 20:52:54 Requested dimensions: 20 x 9
2025/04/26 20:52:54 Requested dimensions: 20 x 9
2025/04/26 20:53:02 Requested dimensions: 20 x 9
2025/04/26 20:53:02 Requested dimensions: 20 x 9
2025/04/26 20:53:04 Application starts
2025/04/26 20:53:04 Requested dimensions: 20 x 9
2025/04/26 20:53:05 Requested dimensions: 20 x 9
2025/04/26 20:53:05 Requested dimensions: 20 x 9
2025/04/26 20:53:09 Requested dimensions: 20 x 9
2025/04/26 20:53:22 Requested dimensions: 20 x 9
2025/04/26 20:53:24 Requested dimensions: 20 x 9
2025/04/26 20:53:24 Requested dimensions: 20 x 9
2025/04/26 20:53:49 Requested dimensions: 20 x 9
2025/04/26 20:53:50 Requested dimensions: 20 x 9
2025/04/26 20:53:50 Requested dimensions: 20 x 9
2025/04/26 20:53:53 Application starts
2025/04/26 20:53:53 Requested dimensions: 20 x 9
2025/04/26 20:53:53 Requested dimensions: 20 x 9
2025/04/26 20:53:53 Requested dimensions: 20 x 9
2025/04/26 20:53:56 Requested dimensions: 20 x 9
2025/04/26 20:53:56 Requested dimensions: 20 x 9
2025/04/26 20:54:06 Requested dimensions: 20 x 9
2025/04/26 20:54:06 Requested dimensions: 20 x 9
2025/04/26 20:54:07 Requested dimensions: 20 x 9
2025/04/26 20:54:07 Requested dimensions: 20 x 9
2025/04/26 21:16:10 Application starts
2025/04/26 21:16:10 Requested dimensions: 20 x 9
2025/04/26 21:16:10 Requested dimensions: 20 x 9
2025/04/26 21:16:10 Requested dimensions: 20 x 9
2025/04/26 21:17:18 Requested dimensions: 20 x 9
2025/04/26 21:17:18 Requested dimensions: 20 x 9
